2025-06-22 12:49:16,672 - INFO - Running in DRY RUN mode - no database operations
2025-06-22 12:49:16,672 - INFO - Starting enhanced eBird to Supabase conversion...
2025-06-22 12:49:16,672 - INFO - Processing /Users/shuna/aviatlas/data/eBird_taxonomy_v2024.csv...
2025-06-22 12:49:16,672 - INFO - Created Aves class node
2025-06-22 12:49:16,833 - INFO - Built taxonomy tree with 13820 nodes
2025-06-22 12:49:16,833 - INFO - Processed 11145 species
2025-06-22 12:49:16,833 - ERROR - Encountered 135 errors
2025-06-22 12:49:16,835 - INFO - Conversion completed! Report saved to /Users/shuna/aviatlas/scripts/conversion_report_20250622_124916.txt
2025-06-22 12:56:54,318 - INFO - Connected to Supabase
2025-06-22 12:56:54,319 - INFO - Starting enhanced eBird to Supabase conversion...
2025-06-22 12:56:54,319 - INFO - Processing /Users/shuna/aviatlas/data/eBird_taxonomy_v2024.csv...
2025-06-22 12:56:54,319 - INFO - Created Aves class node
2025-06-22 12:56:54,446 - INFO - Built taxonomy tree with 13820 nodes
2025-06-22 12:56:54,446 - INFO - Processed 11145 species
2025-06-22 12:56:54,446 - ERROR - Encountered 135 errors
2025-06-22 12:56:54,873 - INFO - HTTP Request: GET https://nuspbbfhxkkdsasowabl.supabase.co/rest/v1/bird_taxonomy?select=id&limit=1 "HTTP/2 200 OK"
2025-06-22 12:56:54,876 - INFO - Table exists, proceeding with data insertion
2025-06-22 12:56:54,877 - INFO - Inserting nodes to Supabase...
2025-06-22 12:56:54,878 - INFO - Inserting 1 class nodes...
2025-06-22 12:56:55,226 - INFO - HTTP Request: POST https://nuspbbfhxkkdsasowabl.supabase.co/rest/v1/bird_taxonomy?columns=%22order_name%22%2C%22name%22%2C%22family_name%22%2C%22ebird_code%22%2C%22rank%22%2C%22common_name%22%2C%22species_group%22%2C%22parent_id%22%2C%22scientific_name%22 "HTTP/2 201 Created"
2025-06-22 12:56:55,228 - INFO - Inserting 46 order nodes...
2025-06-22 12:56:55,583 - INFO - HTTP Request: POST https://nuspbbfhxkkdsasowabl.supabase.co/rest/v1/bird_taxonomy?columns=%22order_name%22%2C%22name%22%2C%22family_name%22%2C%22ebird_code%22%2C%22rank%22%2C%22common_name%22%2C%22species_group%22%2C%22parent_id%22%2C%22scientific_name%22 "HTTP/2 201 Created"
2025-06-22 12:56:55,590 - INFO - Inserting 254 family nodes...
2025-06-22 12:56:55,939 - INFO - HTTP Request: POST https://nuspbbfhxkkdsasowabl.supabase.co/rest/v1/bird_taxonomy?columns=%22order_name%22%2C%22name%22%2C%22family_name%22%2C%22ebird_code%22%2C%22rank%22%2C%22common_name%22%2C%22species_group%22%2C%22parent_id%22%2C%22scientific_name%22 "HTTP/2 201 Created"
2025-06-22 12:56:56,289 - INFO - HTTP Request: POST https://nuspbbfhxkkdsasowabl.supabase.co/rest/v1/bird_taxonomy?columns=%22order_name%22%2C%22name%22%2C%22family_name%22%2C%22ebird_code%22%2C%22rank%22%2C%22common_name%22%2C%22species_group%22%2C%22parent_id%22%2C%22scientific_name%22 "HTTP/2 201 Created"
2025-06-22 12:56:56,641 - INFO - HTTP Request: POST https://nuspbbfhxkkdsasowabl.supabase.co/rest/v1/bird_taxonomy?columns=%22order_name%22%2C%22name%22%2C%22family_name%22%2C%22ebird_code%22%2C%22rank%22%2C%22common_name%22%2C%22species_group%22%2C%22parent_id%22%2C%22scientific_name%22 "HTTP/2 201 Created"
2025-06-22 12:56:56,795 - INFO - HTTP Request: POST https://nuspbbfhxkkdsasowabl.supabase.co/rest/v1/bird_taxonomy?columns=%22order_name%22%2C%22name%22%2C%22family_name%22%2C%22ebird_code%22%2C%22rank%22%2C%22common_name%22%2C%22species_group%22%2C%22parent_id%22%2C%22scientific_name%22 "HTTP/2 201 Created"
2025-06-22 12:56:57,159 - INFO - HTTP Request: POST https://nuspbbfhxkkdsasowabl.supabase.co/rest/v1/bird_taxonomy?columns=%22order_name%22%2C%22name%22%2C%22family_name%22%2C%22ebird_code%22%2C%22rank%22%2C%22common_name%22%2C%22species_group%22%2C%22parent_id%22%2C%22scientific_name%22 "HTTP/2 201 Created"
2025-06-22 12:56:57,508 - INFO - HTTP Request: POST https://nuspbbfhxkkdsasowabl.supabase.co/rest/v1/bird_taxonomy?columns=%22order_name%22%2C%22name%22%2C%22family_name%22%2C%22ebird_code%22%2C%22rank%22%2C%22common_name%22%2C%22species_group%22%2C%22parent_id%22%2C%22scientific_name%22 "HTTP/2 201 Created"
2025-06-22 12:56:57,509 - INFO - Inserting 2374 genus nodes...
2025-06-22 12:56:57,908 - INFO - HTTP Request: POST https://nuspbbfhxkkdsasowabl.supabase.co/rest/v1/bird_taxonomy?columns=%22order_name%22%2C%22name%22%2C%22family_name%22%2C%22ebird_code%22%2C%22rank%22%2C%22common_name%22%2C%22species_group%22%2C%22parent_id%22%2C%22scientific_name%22 "HTTP/2 201 Created"
2025-06-22 12:56:58,250 - INFO - HTTP Request: POST https://nuspbbfhxkkdsasowabl.supabase.co/rest/v1/bird_taxonomy?columns=%22order_name%22%2C%22name%22%2C%22family_name%22%2C%22ebird_code%22%2C%22rank%22%2C%22common_name%22%2C%22species_group%22%2C%22parent_id%22%2C%22scientific_name%22 "HTTP/2 201 Created"
2025-06-22 12:56:58,602 - INFO - HTTP Request: POST https://nuspbbfhxkkdsasowabl.supabase.co/rest/v1/bird_taxonomy?columns=%22order_name%22%2C%22name%22%2C%22family_name%22%2C%22ebird_code%22%2C%22rank%22%2C%22common_name%22%2C%22species_group%22%2C%22parent_id%22%2C%22scientific_name%22 "HTTP/2 201 Created"
2025-06-22 12:56:58,772 - INFO - HTTP Request: POST https://nuspbbfhxkkdsasowabl.supabase.co/rest/v1/bird_taxonomy?columns=%22order_name%22%2C%22name%22%2C%22family_name%22%2C%22ebird_code%22%2C%22rank%22%2C%22common_name%22%2C%22species_group%22%2C%22parent_id%22%2C%22scientific_name%22 "HTTP/2 201 Created"
2025-06-22 12:56:58,924 - INFO - HTTP Request: POST https://nuspbbfhxkkdsasowabl.supabase.co/rest/v1/bird_taxonomy?columns=%22order_name%22%2C%22name%22%2C%22family_name%22%2C%22ebird_code%22%2C%22rank%22%2C%22common_name%22%2C%22species_group%22%2C%22parent_id%22%2C%22scientific_name%22 "HTTP/2 201 Created"
2025-06-22 12:56:59,068 - INFO - HTTP Request: POST https://nuspbbfhxkkdsasowabl.supabase.co/rest/v1/bird_taxonomy?columns=%22order_name%22%2C%22name%22%2C%22family_name%22%2C%22ebird_code%22%2C%22rank%22%2C%22common_name%22%2C%22species_group%22%2C%22parent_id%22%2C%22scientific_name%22 "HTTP/2 201 Created"
2025-06-22 12:56:59,419 - INFO - HTTP Request: POST https://nuspbbfhxkkdsasowabl.supabase.co/rest/v1/bird_taxonomy?columns=%22order_name%22%2C%22name%22%2C%22family_name%22%2C%22ebird_code%22%2C%22rank%22%2C%22common_name%22%2C%22species_group%22%2C%22parent_id%22%2C%22scientific_name%22 "HTTP/2 201 Created"
2025-06-22 12:56:59,577 - INFO - HTTP Request: POST https://nuspbbfhxkkdsasowabl.supabase.co/rest/v1/bird_taxonomy?columns=%22order_name%22%2C%22name%22%2C%22family_name%22%2C%22ebird_code%22%2C%22rank%22%2C%22common_name%22%2C%22species_group%22%2C%22parent_id%22%2C%22scientific_name%22 "HTTP/2 201 Created"
2025-06-22 12:56:59,725 - INFO - HTTP Request: POST https://nuspbbfhxkkdsasowabl.supabase.co/rest/v1/bird_taxonomy?columns=%22order_name%22%2C%22name%22%2C%22family_name%22%2C%22ebird_code%22%2C%22rank%22%2C%22common_name%22%2C%22species_group%22%2C%22parent_id%22%2C%22scientific_name%22 "HTTP/2 201 Created"
2025-06-22 12:56:59,881 - INFO - HTTP Request: POST https://nuspbbfhxkkdsasowabl.supabase.co/rest/v1/bird_taxonomy?columns=%22order_name%22%2C%22name%22%2C%22family_name%22%2C%22ebird_code%22%2C%22rank%22%2C%22common_name%22%2C%22species_group%22%2C%22parent_id%22%2C%22scientific_name%22 "HTTP/2 201 Created"
2025-06-22 12:57:00,225 - INFO - HTTP Request: POST https://nuspbbfhxkkdsasowabl.supabase.co/rest/v1/bird_taxonomy?columns=%22order_name%22%2C%22name%22%2C%22family_name%22%2C%22ebird_code%22%2C%22rank%22%2C%22common_name%22%2C%22species_group%22%2C%22parent_id%22%2C%22scientific_name%22 "HTTP/2 201 Created"
2025-06-22 12:57:00,389 - INFO - HTTP Request: POST https://nuspbbfhxkkdsasowabl.supabase.co/rest/v1/bird_taxonomy?columns=%22order_name%22%2C%22name%22%2C%22family_name%22%2C%22ebird_code%22%2C%22rank%22%2C%22common_name%22%2C%22species_group%22%2C%22parent_id%22%2C%22scientific_name%22 "HTTP/2 201 Created"
2025-06-22 12:57:00,542 - INFO - HTTP Request: POST https://nuspbbfhxkkdsasowabl.supabase.co/rest/v1/bird_taxonomy?columns=%22order_name%22%2C%22name%22%2C%22family_name%22%2C%22ebird_code%22%2C%22rank%22%2C%22common_name%22%2C%22species_group%22%2C%22parent_id%22%2C%22scientific_name%22 "HTTP/2 201 Created"
2025-06-22 12:57:00,882 - INFO - HTTP Request: POST https://nuspbbfhxkkdsasowabl.supabase.co/rest/v1/bird_taxonomy?columns=%22order_name%22%2C%22name%22%2C%22family_name%22%2C%22ebird_code%22%2C%22rank%22%2C%22common_name%22%2C%22species_group%22%2C%22parent_id%22%2C%22scientific_name%22 "HTTP/2 201 Created"
2025-06-22 12:57:01,046 - INFO - HTTP Request: POST https://nuspbbfhxkkdsasowabl.supabase.co/rest/v1/bird_taxonomy?columns=%22order_name%22%2C%22name%22%2C%22family_name%22%2C%22ebird_code%22%2C%22rank%22%2C%22common_name%22%2C%22species_group%22%2C%22parent_id%22%2C%22scientific_name%22 "HTTP/2 201 Created"
2025-06-22 12:57:01,210 - INFO - HTTP Request: POST https://nuspbbfhxkkdsasowabl.supabase.co/rest/v1/bird_taxonomy?columns=%22order_name%22%2C%22name%22%2C%22family_name%22%2C%22ebird_code%22%2C%22rank%22%2C%22common_name%22%2C%22species_group%22%2C%22parent_id%22%2C%22scientific_name%22 "HTTP/2 201 Created"
2025-06-22 12:57:01,383 - INFO - HTTP Request: POST https://nuspbbfhxkkdsasowabl.supabase.co/rest/v1/bird_taxonomy?columns=%22order_name%22%2C%22name%22%2C%22family_name%22%2C%22ebird_code%22%2C%22rank%22%2C%22common_name%22%2C%22species_group%22%2C%22parent_id%22%2C%22scientific_name%22 "HTTP/2 201 Created"
2025-06-22 12:57:01,614 - INFO - HTTP Request: POST https://nuspbbfhxkkdsasowabl.supabase.co/rest/v1/bird_taxonomy?columns=%22order_name%22%2C%22name%22%2C%22family_name%22%2C%22ebird_code%22%2C%22rank%22%2C%22common_name%22%2C%22species_group%22%2C%22parent_id%22%2C%22scientific_name%22 "HTTP/2 201 Created"
2025-06-22 12:57:01,766 - INFO - HTTP Request: POST https://nuspbbfhxkkdsasowabl.supabase.co/rest/v1/bird_taxonomy?columns=%22order_name%22%2C%22name%22%2C%22family_name%22%2C%22ebird_code%22%2C%22rank%22%2C%22common_name%22%2C%22species_group%22%2C%22parent_id%22%2C%22scientific_name%22 "HTTP/2 201 Created"
2025-06-22 12:57:01,906 - INFO - HTTP Request: POST https://nuspbbfhxkkdsasowabl.supabase.co/rest/v1/bird_taxonomy?columns=%22order_name%22%2C%22name%22%2C%22family_name%22%2C%22ebird_code%22%2C%22rank%22%2C%22common_name%22%2C%22species_group%22%2C%22parent_id%22%2C%22scientific_name%22 "HTTP/2 201 Created"
2025-06-22 12:57:02,055 - INFO - HTTP Request: POST https://nuspbbfhxkkdsasowabl.supabase.co/rest/v1/bird_taxonomy?columns=%22order_name%22%2C%22name%22%2C%22family_name%22%2C%22ebird_code%22%2C%22rank%22%2C%22common_name%22%2C%22species_group%22%2C%22parent_id%22%2C%22scientific_name%22 "HTTP/2 201 Created"
2025-06-22 12:57:02,203 - INFO - HTTP Request: POST https://nuspbbfhxkkdsasowabl.supabase.co/rest/v1/bird_taxonomy?columns=%22order_name%22%2C%22name%22%2C%22family_name%22%2C%22ebird_code%22%2C%22rank%22%2C%22common_name%22%2C%22species_group%22%2C%22parent_id%22%2C%22scientific_name%22 "HTTP/2 201 Created"
2025-06-22 12:57:02,366 - INFO - HTTP Request: POST https://nuspbbfhxkkdsasowabl.supabase.co/rest/v1/bird_taxonomy?columns=%22order_name%22%2C%22name%22%2C%22family_name%22%2C%22ebird_code%22%2C%22rank%22%2C%22common_name%22%2C%22species_group%22%2C%22parent_id%22%2C%22scientific_name%22 "HTTP/2 201 Created"
2025-06-22 12:57:02,515 - INFO - HTTP Request: POST https://nuspbbfhxkkdsasowabl.supabase.co/rest/v1/bird_taxonomy?columns=%22order_name%22%2C%22name%22%2C%22family_name%22%2C%22ebird_code%22%2C%22rank%22%2C%22common_name%22%2C%22species_group%22%2C%22parent_id%22%2C%22scientific_name%22 "HTTP/2 201 Created"
2025-06-22 12:57:02,663 - INFO - HTTP Request: POST https://nuspbbfhxkkdsasowabl.supabase.co/rest/v1/bird_taxonomy?columns=%22order_name%22%2C%22name%22%2C%22family_name%22%2C%22ebird_code%22%2C%22rank%22%2C%22common_name%22%2C%22species_group%22%2C%22parent_id%22%2C%22scientific_name%22 "HTTP/2 201 Created"
2025-06-22 12:57:03,020 - INFO - HTTP Request: POST https://nuspbbfhxkkdsasowabl.supabase.co/rest/v1/bird_taxonomy?columns=%22order_name%22%2C%22name%22%2C%22family_name%22%2C%22ebird_code%22%2C%22rank%22%2C%22common_name%22%2C%22species_group%22%2C%22parent_id%22%2C%22scientific_name%22 "HTTP/2 201 Created"
2025-06-22 12:57:03,362 - INFO - HTTP Request: POST https://nuspbbfhxkkdsasowabl.supabase.co/rest/v1/bird_taxonomy?columns=%22order_name%22%2C%22name%22%2C%22family_name%22%2C%22ebird_code%22%2C%22rank%22%2C%22common_name%22%2C%22species_group%22%2C%22parent_id%22%2C%22scientific_name%22 "HTTP/2 201 Created"
2025-06-22 12:57:03,536 - INFO - HTTP Request: POST https://nuspbbfhxkkdsasowabl.supabase.co/rest/v1/bird_taxonomy?columns=%22order_name%22%2C%22name%22%2C%22family_name%22%2C%22ebird_code%22%2C%22rank%22%2C%22common_name%22%2C%22species_group%22%2C%22parent_id%22%2C%22scientific_name%22 "HTTP/2 201 Created"
2025-06-22 12:57:03,695 - INFO - HTTP Request: POST https://nuspbbfhxkkdsasowabl.supabase.co/rest/v1/bird_taxonomy?columns=%22order_name%22%2C%22name%22%2C%22family_name%22%2C%22ebird_code%22%2C%22rank%22%2C%22common_name%22%2C%22species_group%22%2C%22parent_id%22%2C%22scientific_name%22 "HTTP/2 201 Created"
2025-06-22 12:57:03,848 - INFO - HTTP Request: POST https://nuspbbfhxkkdsasowabl.supabase.co/rest/v1/bird_taxonomy?columns=%22order_name%22%2C%22name%22%2C%22family_name%22%2C%22ebird_code%22%2C%22rank%22%2C%22common_name%22%2C%22species_group%22%2C%22parent_id%22%2C%22scientific_name%22 "HTTP/2 201 Created"
2025-06-22 12:57:04,003 - INFO - HTTP Request: POST https://nuspbbfhxkkdsasowabl.supabase.co/rest/v1/bird_taxonomy?columns=%22order_name%22%2C%22name%22%2C%22family_name%22%2C%22ebird_code%22%2C%22rank%22%2C%22common_name%22%2C%22species_group%22%2C%22parent_id%22%2C%22scientific_name%22 "HTTP/2 201 Created"
2025-06-22 12:57:04,151 - INFO - HTTP Request: POST https://nuspbbfhxkkdsasowabl.supabase.co/rest/v1/bird_taxonomy?columns=%22order_name%22%2C%22name%22%2C%22family_name%22%2C%22ebird_code%22%2C%22rank%22%2C%22common_name%22%2C%22species_group%22%2C%22parent_id%22%2C%22scientific_name%22 "HTTP/2 201 Created"
2025-06-22 12:57:04,295 - INFO - HTTP Request: POST https://nuspbbfhxkkdsasowabl.supabase.co/rest/v1/bird_taxonomy?columns=%22order_name%22%2C%22name%22%2C%22family_name%22%2C%22ebird_code%22%2C%22rank%22%2C%22common_name%22%2C%22species_group%22%2C%22parent_id%22%2C%22scientific_name%22 "HTTP/2 201 Created"
2025-06-22 12:57:04,444 - INFO - HTTP Request: POST https://nuspbbfhxkkdsasowabl.supabase.co/rest/v1/bird_taxonomy?columns=%22order_name%22%2C%22name%22%2C%22family_name%22%2C%22ebird_code%22%2C%22rank%22%2C%22common_name%22%2C%22species_group%22%2C%22parent_id%22%2C%22scientific_name%22 "HTTP/2 201 Created"
2025-06-22 12:57:04,584 - INFO - HTTP Request: POST https://nuspbbfhxkkdsasowabl.supabase.co/rest/v1/bird_taxonomy?columns=%22order_name%22%2C%22name%22%2C%22family_name%22%2C%22ebird_code%22%2C%22rank%22%2C%22common_name%22%2C%22species_group%22%2C%22parent_id%22%2C%22scientific_name%22 "HTTP/2 201 Created"
2025-06-22 12:57:04,721 - INFO - HTTP Request: POST https://nuspbbfhxkkdsasowabl.supabase.co/rest/v1/bird_taxonomy?columns=%22order_name%22%2C%22name%22%2C%22family_name%22%2C%22ebird_code%22%2C%22rank%22%2C%22common_name%22%2C%22species_group%22%2C%22parent_id%22%2C%22scientific_name%22 "HTTP/2 201 Created"
2025-06-22 12:57:04,866 - INFO - HTTP Request: POST https://nuspbbfhxkkdsasowabl.supabase.co/rest/v1/bird_taxonomy?columns=%22order_name%22%2C%22name%22%2C%22family_name%22%2C%22ebird_code%22%2C%22rank%22%2C%22common_name%22%2C%22species_group%22%2C%22parent_id%22%2C%22scientific_name%22 "HTTP/2 201 Created"
2025-06-22 12:57:05,239 - INFO - HTTP Request: POST https://nuspbbfhxkkdsasowabl.supabase.co/rest/v1/bird_taxonomy?columns=%22order_name%22%2C%22name%22%2C%22family_name%22%2C%22ebird_code%22%2C%22rank%22%2C%22common_name%22%2C%22species_group%22%2C%22parent_id%22%2C%22scientific_name%22 "HTTP/2 201 Created"
2025-06-22 12:57:05,384 - INFO - HTTP Request: POST https://nuspbbfhxkkdsasowabl.supabase.co/rest/v1/bird_taxonomy?columns=%22order_name%22%2C%22name%22%2C%22family_name%22%2C%22ebird_code%22%2C%22rank%22%2C%22common_name%22%2C%22species_group%22%2C%22parent_id%22%2C%22scientific_name%22 "HTTP/2 201 Created"
2025-06-22 12:57:05,535 - INFO - HTTP Request: POST https://nuspbbfhxkkdsasowabl.supabase.co/rest/v1/bird_taxonomy?columns=%22order_name%22%2C%22name%22%2C%22family_name%22%2C%22ebird_code%22%2C%22rank%22%2C%22common_name%22%2C%22species_group%22%2C%22parent_id%22%2C%22scientific_name%22 "HTTP/2 201 Created"
2025-06-22 12:57:05,682 - INFO - HTTP Request: POST https://nuspbbfhxkkdsasowabl.supabase.co/rest/v1/bird_taxonomy?columns=%22order_name%22%2C%22name%22%2C%22family_name%22%2C%22ebird_code%22%2C%22rank%22%2C%22common_name%22%2C%22species_group%22%2C%22parent_id%22%2C%22scientific_name%22 "HTTP/2 201 Created"
2025-06-22 12:57:05,831 - INFO - HTTP Request: POST https://nuspbbfhxkkdsasowabl.supabase.co/rest/v1/bird_taxonomy?columns=%22order_name%22%2C%22name%22%2C%22family_name%22%2C%22ebird_code%22%2C%22rank%22%2C%22common_name%22%2C%22species_group%22%2C%22parent_id%22%2C%22scientific_name%22 "HTTP/2 201 Created"
2025-06-22 12:57:05,980 - INFO - HTTP Request: POST https://nuspbbfhxkkdsasowabl.supabase.co/rest/v1/bird_taxonomy?columns=%22order_name%22%2C%22name%22%2C%22family_name%22%2C%22ebird_code%22%2C%22rank%22%2C%22common_name%22%2C%22species_group%22%2C%22parent_id%22%2C%22scientific_name%22 "HTTP/2 201 Created"
2025-06-22 12:57:06,130 - INFO - HTTP Request: POST https://nuspbbfhxkkdsasowabl.supabase.co/rest/v1/bird_taxonomy?columns=%22order_name%22%2C%22name%22%2C%22family_name%22%2C%22ebird_code%22%2C%22rank%22%2C%22common_name%22%2C%22species_group%22%2C%22parent_id%22%2C%22scientific_name%22 "HTTP/2 201 Created"
2025-06-22 12:57:06,480 - INFO - HTTP Request: POST https://nuspbbfhxkkdsasowabl.supabase.co/rest/v1/bird_taxonomy?columns=%22order_name%22%2C%22name%22%2C%22family_name%22%2C%22ebird_code%22%2C%22rank%22%2C%22common_name%22%2C%22species_group%22%2C%22parent_id%22%2C%22scientific_name%22 "HTTP/2 201 Created"
2025-06-22 12:57:06,630 - INFO - HTTP Request: POST https://nuspbbfhxkkdsasowabl.supabase.co/rest/v1/bird_taxonomy?columns=%22order_name%22%2C%22name%22%2C%22family_name%22%2C%22ebird_code%22%2C%22rank%22%2C%22common_name%22%2C%22species_group%22%2C%22parent_id%22%2C%22scientific_name%22 "HTTP/2 201 Created"
2025-06-22 12:57:06,785 - INFO - HTTP Request: POST https://nuspbbfhxkkdsasowabl.supabase.co/rest/v1/bird_taxonomy?columns=%22order_name%22%2C%22name%22%2C%22family_name%22%2C%22ebird_code%22%2C%22rank%22%2C%22common_name%22%2C%22species_group%22%2C%22parent_id%22%2C%22scientific_name%22 "HTTP/2 201 Created"
2025-06-22 12:57:06,929 - INFO - HTTP Request: POST https://nuspbbfhxkkdsasowabl.supabase.co/rest/v1/bird_taxonomy?columns=%22order_name%22%2C%22name%22%2C%22family_name%22%2C%22ebird_code%22%2C%22rank%22%2C%22common_name%22%2C%22species_group%22%2C%22parent_id%22%2C%22scientific_name%22 "HTTP/2 201 Created"
2025-06-22 12:57:06,939 - INFO - Inserting 11145 species nodes...
2025-06-22 12:57:07,093 - INFO - HTTP Request: POST https://nuspbbfhxkkdsasowabl.supabase.co/rest/v1/bird_taxonomy?columns=%22order_name%22%2C%22name%22%2C%22family_name%22%2C%22ebird_code%22%2C%22rank%22%2C%22common_name%22%2C%22species_group%22%2C%22parent_id%22%2C%22scientific_name%22 "HTTP/2 201 Created"
2025-06-22 12:57:07,242 - INFO - HTTP Request: POST https://nuspbbfhxkkdsasowabl.supabase.co/rest/v1/bird_taxonomy?columns=%22order_name%22%2C%22name%22%2C%22family_name%22%2C%22ebird_code%22%2C%22rank%22%2C%22common_name%22%2C%22species_group%22%2C%22parent_id%22%2C%22scientific_name%22 "HTTP/2 201 Created"
2025-06-22 12:57:07,392 - INFO - HTTP Request: POST https://nuspbbfhxkkdsasowabl.supabase.co/rest/v1/bird_taxonomy?columns=%22order_name%22%2C%22name%22%2C%22family_name%22%2C%22ebird_code%22%2C%22rank%22%2C%22common_name%22%2C%22species_group%22%2C%22parent_id%22%2C%22scientific_name%22 "HTTP/2 201 Created"
2025-06-22 12:57:07,541 - INFO - HTTP Request: POST https://nuspbbfhxkkdsasowabl.supabase.co/rest/v1/bird_taxonomy?columns=%22order_name%22%2C%22name%22%2C%22family_name%22%2C%22ebird_code%22%2C%22rank%22%2C%22common_name%22%2C%22species_group%22%2C%22parent_id%22%2C%22scientific_name%22 "HTTP/2 201 Created"
2025-06-22 12:57:07,695 - INFO - HTTP Request: POST https://nuspbbfhxkkdsasowabl.supabase.co/rest/v1/bird_taxonomy?columns=%22order_name%22%2C%22name%22%2C%22family_name%22%2C%22ebird_code%22%2C%22rank%22%2C%22common_name%22%2C%22species_group%22%2C%22parent_id%22%2C%22scientific_name%22 "HTTP/2 201 Created"
2025-06-22 12:57:07,855 - INFO - HTTP Request: POST https://nuspbbfhxkkdsasowabl.supabase.co/rest/v1/bird_taxonomy?columns=%22order_name%22%2C%22name%22%2C%22family_name%22%2C%22ebird_code%22%2C%22rank%22%2C%22common_name%22%2C%22species_group%22%2C%22parent_id%22%2C%22scientific_name%22 "HTTP/2 201 Created"
2025-06-22 12:57:08,016 - INFO - HTTP Request: POST https://nuspbbfhxkkdsasowabl.supabase.co/rest/v1/bird_taxonomy?columns=%22order_name%22%2C%22name%22%2C%22family_name%22%2C%22ebird_code%22%2C%22rank%22%2C%22common_name%22%2C%22species_group%22%2C%22parent_id%22%2C%22scientific_name%22 "HTTP/2 201 Created"
2025-06-22 12:57:08,167 - INFO - HTTP Request: POST https://nuspbbfhxkkdsasowabl.supabase.co/rest/v1/bird_taxonomy?columns=%22order_name%22%2C%22name%22%2C%22family_name%22%2C%22ebird_code%22%2C%22rank%22%2C%22common_name%22%2C%22species_group%22%2C%22parent_id%22%2C%22scientific_name%22 "HTTP/2 201 Created"
2025-06-22 12:57:08,510 - INFO - HTTP Request: POST https://nuspbbfhxkkdsasowabl.supabase.co/rest/v1/bird_taxonomy?columns=%22order_name%22%2C%22name%22%2C%22family_name%22%2C%22ebird_code%22%2C%22rank%22%2C%22common_name%22%2C%22species_group%22%2C%22parent_id%22%2C%22scientific_name%22 "HTTP/2 201 Created"
2025-06-22 12:57:08,668 - INFO - HTTP Request: POST https://nuspbbfhxkkdsasowabl.supabase.co/rest/v1/bird_taxonomy?columns=%22order_name%22%2C%22name%22%2C%22family_name%22%2C%22ebird_code%22%2C%22rank%22%2C%22common_name%22%2C%22species_group%22%2C%22parent_id%22%2C%22scientific_name%22 "HTTP/2 201 Created"
2025-06-22 12:57:08,824 - INFO - HTTP Request: POST https://nuspbbfhxkkdsasowabl.supabase.co/rest/v1/bird_taxonomy?columns=%22order_name%22%2C%22name%22%2C%22family_name%22%2C%22ebird_code%22%2C%22rank%22%2C%22common_name%22%2C%22species_group%22%2C%22parent_id%22%2C%22scientific_name%22 "HTTP/2 201 Created"
2025-06-22 12:57:08,981 - INFO - HTTP Request: POST https://nuspbbfhxkkdsasowabl.supabase.co/rest/v1/bird_taxonomy?columns=%22order_name%22%2C%22name%22%2C%22family_name%22%2C%22ebird_code%22%2C%22rank%22%2C%22common_name%22%2C%22species_group%22%2C%22parent_id%22%2C%22scientific_name%22 "HTTP/2 201 Created"
2025-06-22 12:57:09,127 - INFO - HTTP Request: POST https://nuspbbfhxkkdsasowabl.supabase.co/rest/v1/bird_taxonomy?columns=%22order_name%22%2C%22name%22%2C%22family_name%22%2C%22ebird_code%22%2C%22rank%22%2C%22common_name%22%2C%22species_group%22%2C%22parent_id%22%2C%22scientific_name%22 "HTTP/2 201 Created"
2025-06-22 12:57:09,466 - INFO - HTTP Request: POST https://nuspbbfhxkkdsasowabl.supabase.co/rest/v1/bird_taxonomy?columns=%22order_name%22%2C%22name%22%2C%22family_name%22%2C%22ebird_code%22%2C%22rank%22%2C%22common_name%22%2C%22species_group%22%2C%22parent_id%22%2C%22scientific_name%22 "HTTP/2 201 Created"
2025-06-22 12:57:09,616 - INFO - HTTP Request: POST https://nuspbbfhxkkdsasowabl.supabase.co/rest/v1/bird_taxonomy?columns=%22order_name%22%2C%22name%22%2C%22family_name%22%2C%22ebird_code%22%2C%22rank%22%2C%22common_name%22%2C%22species_group%22%2C%22parent_id%22%2C%22scientific_name%22 "HTTP/2 201 Created"
2025-06-22 12:57:09,755 - INFO - HTTP Request: POST https://nuspbbfhxkkdsasowabl.supabase.co/rest/v1/bird_taxonomy?columns=%22order_name%22%2C%22name%22%2C%22family_name%22%2C%22ebird_code%22%2C%22rank%22%2C%22common_name%22%2C%22species_group%22%2C%22parent_id%22%2C%22scientific_name%22 "HTTP/2 201 Created"
2025-06-22 12:57:09,907 - INFO - HTTP Request: POST https://nuspbbfhxkkdsasowabl.supabase.co/rest/v1/bird_taxonomy?columns=%22order_name%22%2C%22name%22%2C%22family_name%22%2C%22ebird_code%22%2C%22rank%22%2C%22common_name%22%2C%22species_group%22%2C%22parent_id%22%2C%22scientific_name%22 "HTTP/2 201 Created"
2025-06-22 12:57:10,065 - INFO - HTTP Request: POST https://nuspbbfhxkkdsasowabl.supabase.co/rest/v1/bird_taxonomy?columns=%22order_name%22%2C%22name%22%2C%22family_name%22%2C%22ebird_code%22%2C%22rank%22%2C%22common_name%22%2C%22species_group%22%2C%22parent_id%22%2C%22scientific_name%22 "HTTP/2 201 Created"
2025-06-22 12:57:10,215 - INFO - HTTP Request: POST https://nuspbbfhxkkdsasowabl.supabase.co/rest/v1/bird_taxonomy?columns=%22order_name%22%2C%22name%22%2C%22family_name%22%2C%22ebird_code%22%2C%22rank%22%2C%22common_name%22%2C%22species_group%22%2C%22parent_id%22%2C%22scientific_name%22 "HTTP/2 201 Created"
2025-06-22 12:57:10,371 - INFO - HTTP Request: POST https://nuspbbfhxkkdsasowabl.supabase.co/rest/v1/bird_taxonomy?columns=%22order_name%22%2C%22name%22%2C%22family_name%22%2C%22ebird_code%22%2C%22rank%22%2C%22common_name%22%2C%22species_group%22%2C%22parent_id%22%2C%22scientific_name%22 "HTTP/2 201 Created"
2025-06-22 12:57:10,716 - INFO - HTTP Request: POST https://nuspbbfhxkkdsasowabl.supabase.co/rest/v1/bird_taxonomy?columns=%22order_name%22%2C%22name%22%2C%22family_name%22%2C%22ebird_code%22%2C%22rank%22%2C%22common_name%22%2C%22species_group%22%2C%22parent_id%22%2C%22scientific_name%22 "HTTP/2 201 Created"
2025-06-22 12:57:10,907 - INFO - HTTP Request: POST https://nuspbbfhxkkdsasowabl.supabase.co/rest/v1/bird_taxonomy?columns=%22order_name%22%2C%22name%22%2C%22family_name%22%2C%22ebird_code%22%2C%22rank%22%2C%22common_name%22%2C%22species_group%22%2C%22parent_id%22%2C%22scientific_name%22 "HTTP/2 201 Created"
2025-06-22 12:57:11,071 - INFO - HTTP Request: POST https://nuspbbfhxkkdsasowabl.supabase.co/rest/v1/bird_taxonomy?columns=%22order_name%22%2C%22name%22%2C%22family_name%22%2C%22ebird_code%22%2C%22rank%22%2C%22common_name%22%2C%22species_group%22%2C%22parent_id%22%2C%22scientific_name%22 "HTTP/2 201 Created"
2025-06-22 12:57:11,224 - INFO - HTTP Request: POST https://nuspbbfhxkkdsasowabl.supabase.co/rest/v1/bird_taxonomy?columns=%22order_name%22%2C%22name%22%2C%22family_name%22%2C%22ebird_code%22%2C%22rank%22%2C%22common_name%22%2C%22species_group%22%2C%22parent_id%22%2C%22scientific_name%22 "HTTP/2 201 Created"
2025-06-22 12:57:11,387 - INFO - HTTP Request: POST https://nuspbbfhxkkdsasowabl.supabase.co/rest/v1/bird_taxonomy?columns=%22order_name%22%2C%22name%22%2C%22family_name%22%2C%22ebird_code%22%2C%22rank%22%2C%22common_name%22%2C%22species_group%22%2C%22parent_id%22%2C%22scientific_name%22 "HTTP/2 201 Created"
2025-06-22 12:57:11,534 - INFO - HTTP Request: POST https://nuspbbfhxkkdsasowabl.supabase.co/rest/v1/bird_taxonomy?columns=%22order_name%22%2C%22name%22%2C%22family_name%22%2C%22ebird_code%22%2C%22rank%22%2C%22common_name%22%2C%22species_group%22%2C%22parent_id%22%2C%22scientific_name%22 "HTTP/2 201 Created"
2025-06-22 12:57:11,682 - INFO - HTTP Request: POST https://nuspbbfhxkkdsasowabl.supabase.co/rest/v1/bird_taxonomy?columns=%22order_name%22%2C%22name%22%2C%22family_name%22%2C%22ebird_code%22%2C%22rank%22%2C%22common_name%22%2C%22species_group%22%2C%22parent_id%22%2C%22scientific_name%22 "HTTP/2 201 Created"
2025-06-22 12:57:11,830 - INFO - HTTP Request: POST https://nuspbbfhxkkdsasowabl.supabase.co/rest/v1/bird_taxonomy?columns=%22order_name%22%2C%22name%22%2C%22family_name%22%2C%22ebird_code%22%2C%22rank%22%2C%22common_name%22%2C%22species_group%22%2C%22parent_id%22%2C%22scientific_name%22 "HTTP/2 201 Created"
2025-06-22 12:57:11,992 - INFO - HTTP Request: POST https://nuspbbfhxkkdsasowabl.supabase.co/rest/v1/bird_taxonomy?columns=%22order_name%22%2C%22name%22%2C%22family_name%22%2C%22ebird_code%22%2C%22rank%22%2C%22common_name%22%2C%22species_group%22%2C%22parent_id%22%2C%22scientific_name%22 "HTTP/2 201 Created"
2025-06-22 12:57:12,141 - INFO - HTTP Request: POST https://nuspbbfhxkkdsasowabl.supabase.co/rest/v1/bird_taxonomy?columns=%22order_name%22%2C%22name%22%2C%22family_name%22%2C%22ebird_code%22%2C%22rank%22%2C%22common_name%22%2C%22species_group%22%2C%22parent_id%22%2C%22scientific_name%22 "HTTP/2 201 Created"
2025-06-22 12:57:12,281 - INFO - HTTP Request: POST https://nuspbbfhxkkdsasowabl.supabase.co/rest/v1/bird_taxonomy?columns=%22order_name%22%2C%22name%22%2C%22family_name%22%2C%22ebird_code%22%2C%22rank%22%2C%22common_name%22%2C%22species_group%22%2C%22parent_id%22%2C%22scientific_name%22 "HTTP/2 201 Created"
2025-06-22 12:57:12,418 - INFO - HTTP Request: POST https://nuspbbfhxkkdsasowabl.supabase.co/rest/v1/bird_taxonomy?columns=%22order_name%22%2C%22name%22%2C%22family_name%22%2C%22ebird_code%22%2C%22rank%22%2C%22common_name%22%2C%22species_group%22%2C%22parent_id%22%2C%22scientific_name%22 "HTTP/2 201 Created"
2025-06-22 12:57:12,566 - INFO - HTTP Request: POST https://nuspbbfhxkkdsasowabl.supabase.co/rest/v1/bird_taxonomy?columns=%22order_name%22%2C%22name%22%2C%22family_name%22%2C%22ebird_code%22%2C%22rank%22%2C%22common_name%22%2C%22species_group%22%2C%22parent_id%22%2C%22scientific_name%22 "HTTP/2 201 Created"
2025-06-22 12:57:12,953 - INFO - HTTP Request: POST https://nuspbbfhxkkdsasowabl.supabase.co/rest/v1/bird_taxonomy?columns=%22order_name%22%2C%22name%22%2C%22family_name%22%2C%22ebird_code%22%2C%22rank%22%2C%22common_name%22%2C%22species_group%22%2C%22parent_id%22%2C%22scientific_name%22 "HTTP/2 201 Created"
2025-06-22 12:57:13,103 - INFO - HTTP Request: POST https://nuspbbfhxkkdsasowabl.supabase.co/rest/v1/bird_taxonomy?columns=%22order_name%22%2C%22name%22%2C%22family_name%22%2C%22ebird_code%22%2C%22rank%22%2C%22common_name%22%2C%22species_group%22%2C%22parent_id%22%2C%22scientific_name%22 "HTTP/2 201 Created"
2025-06-22 12:57:13,252 - INFO - HTTP Request: POST https://nuspbbfhxkkdsasowabl.supabase.co/rest/v1/bird_taxonomy?columns=%22order_name%22%2C%22name%22%2C%22family_name%22%2C%22ebird_code%22%2C%22rank%22%2C%22common_name%22%2C%22species_group%22%2C%22parent_id%22%2C%22scientific_name%22 "HTTP/2 201 Created"
2025-06-22 12:57:13,593 - INFO - HTTP Request: POST https://nuspbbfhxkkdsasowabl.supabase.co/rest/v1/bird_taxonomy?columns=%22order_name%22%2C%22name%22%2C%22family_name%22%2C%22ebird_code%22%2C%22rank%22%2C%22common_name%22%2C%22species_group%22%2C%22parent_id%22%2C%22scientific_name%22 "HTTP/2 201 Created"
2025-06-22 12:57:13,741 - INFO - HTTP Request: POST https://nuspbbfhxkkdsasowabl.supabase.co/rest/v1/bird_taxonomy?columns=%22order_name%22%2C%22name%22%2C%22family_name%22%2C%22ebird_code%22%2C%22rank%22%2C%22common_name%22%2C%22species_group%22%2C%22parent_id%22%2C%22scientific_name%22 "HTTP/2 201 Created"
2025-06-22 12:57:13,896 - INFO - HTTP Request: POST https://nuspbbfhxkkdsasowabl.supabase.co/rest/v1/bird_taxonomy?columns=%22order_name%22%2C%22name%22%2C%22family_name%22%2C%22ebird_code%22%2C%22rank%22%2C%22common_name%22%2C%22species_group%22%2C%22parent_id%22%2C%22scientific_name%22 "HTTP/2 201 Created"
2025-06-22 12:57:14,235 - INFO - HTTP Request: POST https://nuspbbfhxkkdsasowabl.supabase.co/rest/v1/bird_taxonomy?columns=%22order_name%22%2C%22name%22%2C%22family_name%22%2C%22ebird_code%22%2C%22rank%22%2C%22common_name%22%2C%22species_group%22%2C%22parent_id%22%2C%22scientific_name%22 "HTTP/2 201 Created"
2025-06-22 12:57:14,378 - INFO - HTTP Request: POST https://nuspbbfhxkkdsasowabl.supabase.co/rest/v1/bird_taxonomy?columns=%22order_name%22%2C%22name%22%2C%22family_name%22%2C%22ebird_code%22%2C%22rank%22%2C%22common_name%22%2C%22species_group%22%2C%22parent_id%22%2C%22scientific_name%22 "HTTP/2 201 Created"
2025-06-22 12:57:14,529 - INFO - HTTP Request: POST https://nuspbbfhxkkdsasowabl.supabase.co/rest/v1/bird_taxonomy?columns=%22order_name%22%2C%22name%22%2C%22family_name%22%2C%22ebird_code%22%2C%22rank%22%2C%22common_name%22%2C%22species_group%22%2C%22parent_id%22%2C%22scientific_name%22 "HTTP/2 201 Created"
2025-06-22 12:57:14,676 - INFO - HTTP Request: POST https://nuspbbfhxkkdsasowabl.supabase.co/rest/v1/bird_taxonomy?columns=%22order_name%22%2C%22name%22%2C%22family_name%22%2C%22ebird_code%22%2C%22rank%22%2C%22common_name%22%2C%22species_group%22%2C%22parent_id%22%2C%22scientific_name%22 "HTTP/2 201 Created"
2025-06-22 12:57:14,833 - INFO - HTTP Request: POST https://nuspbbfhxkkdsasowabl.supabase.co/rest/v1/bird_taxonomy?columns=%22order_name%22%2C%22name%22%2C%22family_name%22%2C%22ebird_code%22%2C%22rank%22%2C%22common_name%22%2C%22species_group%22%2C%22parent_id%22%2C%22scientific_name%22 "HTTP/2 201 Created"
2025-06-22 12:57:14,973 - INFO - HTTP Request: POST https://nuspbbfhxkkdsasowabl.supabase.co/rest/v1/bird_taxonomy?columns=%22order_name%22%2C%22name%22%2C%22family_name%22%2C%22ebird_code%22%2C%22rank%22%2C%22common_name%22%2C%22species_group%22%2C%22parent_id%22%2C%22scientific_name%22 "HTTP/2 201 Created"
2025-06-22 12:57:15,117 - INFO - HTTP Request: POST https://nuspbbfhxkkdsasowabl.supabase.co/rest/v1/bird_taxonomy?columns=%22order_name%22%2C%22name%22%2C%22family_name%22%2C%22ebird_code%22%2C%22rank%22%2C%22common_name%22%2C%22species_group%22%2C%22parent_id%22%2C%22scientific_name%22 "HTTP/2 201 Created"
2025-06-22 12:57:15,266 - INFO - HTTP Request: POST https://nuspbbfhxkkdsasowabl.supabase.co/rest/v1/bird_taxonomy?columns=%22order_name%22%2C%22name%22%2C%22family_name%22%2C%22ebird_code%22%2C%22rank%22%2C%22common_name%22%2C%22species_group%22%2C%22parent_id%22%2C%22scientific_name%22 "HTTP/2 201 Created"
2025-06-22 12:57:15,414 - INFO - HTTP Request: POST https://nuspbbfhxkkdsasowabl.supabase.co/rest/v1/bird_taxonomy?columns=%22order_name%22%2C%22name%22%2C%22family_name%22%2C%22ebird_code%22%2C%22rank%22%2C%22common_name%22%2C%22species_group%22%2C%22parent_id%22%2C%22scientific_name%22 "HTTP/2 201 Created"
2025-06-22 12:57:15,567 - INFO - HTTP Request: POST https://nuspbbfhxkkdsasowabl.supabase.co/rest/v1/bird_taxonomy?columns=%22order_name%22%2C%22name%22%2C%22family_name%22%2C%22ebird_code%22%2C%22rank%22%2C%22common_name%22%2C%22species_group%22%2C%22parent_id%22%2C%22scientific_name%22 "HTTP/2 201 Created"
2025-06-22 12:57:15,721 - INFO - HTTP Request: POST https://nuspbbfhxkkdsasowabl.supabase.co/rest/v1/bird_taxonomy?columns=%22order_name%22%2C%22name%22%2C%22family_name%22%2C%22ebird_code%22%2C%22rank%22%2C%22common_name%22%2C%22species_group%22%2C%22parent_id%22%2C%22scientific_name%22 "HTTP/2 201 Created"
2025-06-22 12:57:15,874 - INFO - HTTP Request: POST https://nuspbbfhxkkdsasowabl.supabase.co/rest/v1/bird_taxonomy?columns=%22order_name%22%2C%22name%22%2C%22family_name%22%2C%22ebird_code%22%2C%22rank%22%2C%22common_name%22%2C%22species_group%22%2C%22parent_id%22%2C%22scientific_name%22 "HTTP/2 201 Created"
2025-06-22 12:57:16,008 - INFO - HTTP Request: POST https://nuspbbfhxkkdsasowabl.supabase.co/rest/v1/bird_taxonomy?columns=%22order_name%22%2C%22name%22%2C%22family_name%22%2C%22ebird_code%22%2C%22rank%22%2C%22common_name%22%2C%22species_group%22%2C%22parent_id%22%2C%22scientific_name%22 "HTTP/2 201 Created"
2025-06-22 12:57:16,163 - INFO - HTTP Request: POST https://nuspbbfhxkkdsasowabl.supabase.co/rest/v1/bird_taxonomy?columns=%22order_name%22%2C%22name%22%2C%22family_name%22%2C%22ebird_code%22%2C%22rank%22%2C%22common_name%22%2C%22species_group%22%2C%22parent_id%22%2C%22scientific_name%22 "HTTP/2 201 Created"
2025-06-22 12:57:16,333 - INFO - HTTP Request: POST https://nuspbbfhxkkdsasowabl.supabase.co/rest/v1/bird_taxonomy?columns=%22order_name%22%2C%22name%22%2C%22family_name%22%2C%22ebird_code%22%2C%22rank%22%2C%22common_name%22%2C%22species_group%22%2C%22parent_id%22%2C%22scientific_name%22 "HTTP/2 201 Created"
2025-06-22 12:57:16,487 - INFO - HTTP Request: POST https://nuspbbfhxkkdsasowabl.supabase.co/rest/v1/bird_taxonomy?columns=%22order_name%22%2C%22name%22%2C%22family_name%22%2C%22ebird_code%22%2C%22rank%22%2C%22common_name%22%2C%22species_group%22%2C%22parent_id%22%2C%22scientific_name%22 "HTTP/2 201 Created"
2025-06-22 12:57:16,628 - INFO - HTTP Request: POST https://nuspbbfhxkkdsasowabl.supabase.co/rest/v1/bird_taxonomy?columns=%22order_name%22%2C%22name%22%2C%22family_name%22%2C%22ebird_code%22%2C%22rank%22%2C%22common_name%22%2C%22species_group%22%2C%22parent_id%22%2C%22scientific_name%22 "HTTP/2 201 Created"
2025-06-22 12:57:16,779 - INFO - HTTP Request: POST https://nuspbbfhxkkdsasowabl.supabase.co/rest/v1/bird_taxonomy?columns=%22order_name%22%2C%22name%22%2C%22family_name%22%2C%22ebird_code%22%2C%22rank%22%2C%22common_name%22%2C%22species_group%22%2C%22parent_id%22%2C%22scientific_name%22 "HTTP/2 201 Created"
2025-06-22 12:57:16,934 - INFO - HTTP Request: POST https://nuspbbfhxkkdsasowabl.supabase.co/rest/v1/bird_taxonomy?columns=%22order_name%22%2C%22name%22%2C%22family_name%22%2C%22ebird_code%22%2C%22rank%22%2C%22common_name%22%2C%22species_group%22%2C%22parent_id%22%2C%22scientific_name%22 "HTTP/2 201 Created"
2025-06-22 12:57:17,084 - INFO - HTTP Request: POST https://nuspbbfhxkkdsasowabl.supabase.co/rest/v1/bird_taxonomy?columns=%22order_name%22%2C%22name%22%2C%22family_name%22%2C%22ebird_code%22%2C%22rank%22%2C%22common_name%22%2C%22species_group%22%2C%22parent_id%22%2C%22scientific_name%22 "HTTP/2 201 Created"
2025-06-22 12:57:17,246 - INFO - HTTP Request: POST https://nuspbbfhxkkdsasowabl.supabase.co/rest/v1/bird_taxonomy?columns=%22order_name%22%2C%22name%22%2C%22family_name%22%2C%22ebird_code%22%2C%22rank%22%2C%22common_name%22%2C%22species_group%22%2C%22parent_id%22%2C%22scientific_name%22 "HTTP/2 201 Created"
2025-06-22 12:57:17,411 - INFO - HTTP Request: POST https://nuspbbfhxkkdsasowabl.supabase.co/rest/v1/bird_taxonomy?columns=%22order_name%22%2C%22name%22%2C%22family_name%22%2C%22ebird_code%22%2C%22rank%22%2C%22common_name%22%2C%22species_group%22%2C%22parent_id%22%2C%22scientific_name%22 "HTTP/2 201 Created"
2025-06-22 12:57:17,563 - INFO - HTTP Request: POST https://nuspbbfhxkkdsasowabl.supabase.co/rest/v1/bird_taxonomy?columns=%22order_name%22%2C%22name%22%2C%22family_name%22%2C%22ebird_code%22%2C%22rank%22%2C%22common_name%22%2C%22species_group%22%2C%22parent_id%22%2C%22scientific_name%22 "HTTP/2 201 Created"
2025-06-22 12:57:17,973 - INFO - HTTP Request: POST https://nuspbbfhxkkdsasowabl.supabase.co/rest/v1/bird_taxonomy?columns=%22order_name%22%2C%22name%22%2C%22family_name%22%2C%22ebird_code%22%2C%22rank%22%2C%22common_name%22%2C%22species_group%22%2C%22parent_id%22%2C%22scientific_name%22 "HTTP/2 201 Created"
2025-06-22 12:57:18,131 - INFO - HTTP Request: POST https://nuspbbfhxkkdsasowabl.supabase.co/rest/v1/bird_taxonomy?columns=%22order_name%22%2C%22name%22%2C%22family_name%22%2C%22ebird_code%22%2C%22rank%22%2C%22common_name%22%2C%22species_group%22%2C%22parent_id%22%2C%22scientific_name%22 "HTTP/2 201 Created"
2025-06-22 12:57:18,283 - INFO - HTTP Request: POST https://nuspbbfhxkkdsasowabl.supabase.co/rest/v1/bird_taxonomy?columns=%22order_name%22%2C%22name%22%2C%22family_name%22%2C%22ebird_code%22%2C%22rank%22%2C%22common_name%22%2C%22species_group%22%2C%22parent_id%22%2C%22scientific_name%22 "HTTP/2 201 Created"
2025-06-22 12:57:18,438 - INFO - HTTP Request: POST https://nuspbbfhxkkdsasowabl.supabase.co/rest/v1/bird_taxonomy?columns=%22order_name%22%2C%22name%22%2C%22family_name%22%2C%22ebird_code%22%2C%22rank%22%2C%22common_name%22%2C%22species_group%22%2C%22parent_id%22%2C%22scientific_name%22 "HTTP/2 201 Created"
2025-06-22 12:57:18,588 - INFO - HTTP Request: POST https://nuspbbfhxkkdsasowabl.supabase.co/rest/v1/bird_taxonomy?columns=%22order_name%22%2C%22name%22%2C%22family_name%22%2C%22ebird_code%22%2C%22rank%22%2C%22common_name%22%2C%22species_group%22%2C%22parent_id%22%2C%22scientific_name%22 "HTTP/2 201 Created"
2025-06-22 12:57:18,744 - INFO - HTTP Request: POST https://nuspbbfhxkkdsasowabl.supabase.co/rest/v1/bird_taxonomy?columns=%22order_name%22%2C%22name%22%2C%22family_name%22%2C%22ebird_code%22%2C%22rank%22%2C%22common_name%22%2C%22species_group%22%2C%22parent_id%22%2C%22scientific_name%22 "HTTP/2 201 Created"
2025-06-22 12:57:18,897 - INFO - HTTP Request: POST https://nuspbbfhxkkdsasowabl.supabase.co/rest/v1/bird_taxonomy?columns=%22order_name%22%2C%22name%22%2C%22family_name%22%2C%22ebird_code%22%2C%22rank%22%2C%22common_name%22%2C%22species_group%22%2C%22parent_id%22%2C%22scientific_name%22 "HTTP/2 201 Created"
2025-06-22 12:57:19,091 - INFO - HTTP Request: POST https://nuspbbfhxkkdsasowabl.supabase.co/rest/v1/bird_taxonomy?columns=%22order_name%22%2C%22name%22%2C%22family_name%22%2C%22ebird_code%22%2C%22rank%22%2C%22common_name%22%2C%22species_group%22%2C%22parent_id%22%2C%22scientific_name%22 "HTTP/2 201 Created"
2025-06-22 12:57:19,239 - INFO - HTTP Request: POST https://nuspbbfhxkkdsasowabl.supabase.co/rest/v1/bird_taxonomy?columns=%22order_name%22%2C%22name%22%2C%22family_name%22%2C%22ebird_code%22%2C%22rank%22%2C%22common_name%22%2C%22species_group%22%2C%22parent_id%22%2C%22scientific_name%22 "HTTP/2 201 Created"
2025-06-22 12:57:19,390 - INFO - HTTP Request: POST https://nuspbbfhxkkdsasowabl.supabase.co/rest/v1/bird_taxonomy?columns=%22order_name%22%2C%22name%22%2C%22family_name%22%2C%22ebird_code%22%2C%22rank%22%2C%22common_name%22%2C%22species_group%22%2C%22parent_id%22%2C%22scientific_name%22 "HTTP/2 201 Created"
2025-06-22 12:57:19,526 - INFO - HTTP Request: POST https://nuspbbfhxkkdsasowabl.supabase.co/rest/v1/bird_taxonomy?columns=%22order_name%22%2C%22name%22%2C%22family_name%22%2C%22ebird_code%22%2C%22rank%22%2C%22common_name%22%2C%22species_group%22%2C%22parent_id%22%2C%22scientific_name%22 "HTTP/2 201 Created"
2025-06-22 12:57:19,674 - INFO - HTTP Request: POST https://nuspbbfhxkkdsasowabl.supabase.co/rest/v1/bird_taxonomy?columns=%22order_name%22%2C%22name%22%2C%22family_name%22%2C%22ebird_code%22%2C%22rank%22%2C%22common_name%22%2C%22species_group%22%2C%22parent_id%22%2C%22scientific_name%22 "HTTP/2 201 Created"
2025-06-22 12:57:19,843 - INFO - HTTP Request: POST https://nuspbbfhxkkdsasowabl.supabase.co/rest/v1/bird_taxonomy?columns=%22order_name%22%2C%22name%22%2C%22family_name%22%2C%22ebird_code%22%2C%22rank%22%2C%22common_name%22%2C%22species_group%22%2C%22parent_id%22%2C%22scientific_name%22 "HTTP/2 201 Created"
2025-06-22 12:57:20,003 - INFO - HTTP Request: POST https://nuspbbfhxkkdsasowabl.supabase.co/rest/v1/bird_taxonomy?columns=%22order_name%22%2C%22name%22%2C%22family_name%22%2C%22ebird_code%22%2C%22rank%22%2C%22common_name%22%2C%22species_group%22%2C%22parent_id%22%2C%22scientific_name%22 "HTTP/2 201 Created"
2025-06-22 12:57:20,158 - INFO - HTTP Request: POST https://nuspbbfhxkkdsasowabl.supabase.co/rest/v1/bird_taxonomy?columns=%22order_name%22%2C%22name%22%2C%22family_name%22%2C%22ebird_code%22%2C%22rank%22%2C%22common_name%22%2C%22species_group%22%2C%22parent_id%22%2C%22scientific_name%22 "HTTP/2 201 Created"
2025-06-22 12:57:20,324 - INFO - HTTP Request: POST https://nuspbbfhxkkdsasowabl.supabase.co/rest/v1/bird_taxonomy?columns=%22order_name%22%2C%22name%22%2C%22family_name%22%2C%22ebird_code%22%2C%22rank%22%2C%22common_name%22%2C%22species_group%22%2C%22parent_id%22%2C%22scientific_name%22 "HTTP/2 201 Created"
2025-06-22 12:57:20,480 - INFO - HTTP Request: POST https://nuspbbfhxkkdsasowabl.supabase.co/rest/v1/bird_taxonomy?columns=%22order_name%22%2C%22name%22%2C%22family_name%22%2C%22ebird_code%22%2C%22rank%22%2C%22common_name%22%2C%22species_group%22%2C%22parent_id%22%2C%22scientific_name%22 "HTTP/2 201 Created"
2025-06-22 12:57:20,629 - INFO - HTTP Request: POST https://nuspbbfhxkkdsasowabl.supabase.co/rest/v1/bird_taxonomy?columns=%22order_name%22%2C%22name%22%2C%22family_name%22%2C%22ebird_code%22%2C%22rank%22%2C%22common_name%22%2C%22species_group%22%2C%22parent_id%22%2C%22scientific_name%22 "HTTP/2 201 Created"
2025-06-22 12:57:20,779 - INFO - HTTP Request: POST https://nuspbbfhxkkdsasowabl.supabase.co/rest/v1/bird_taxonomy?columns=%22order_name%22%2C%22name%22%2C%22family_name%22%2C%22ebird_code%22%2C%22rank%22%2C%22common_name%22%2C%22species_group%22%2C%22parent_id%22%2C%22scientific_name%22 "HTTP/2 201 Created"
2025-06-22 12:57:20,944 - INFO - HTTP Request: POST https://nuspbbfhxkkdsasowabl.supabase.co/rest/v1/bird_taxonomy?columns=%22order_name%22%2C%22name%22%2C%22family_name%22%2C%22ebird_code%22%2C%22rank%22%2C%22common_name%22%2C%22species_group%22%2C%22parent_id%22%2C%22scientific_name%22 "HTTP/2 201 Created"
2025-06-22 12:57:21,146 - INFO - HTTP Request: POST https://nuspbbfhxkkdsasowabl.supabase.co/rest/v1/bird_taxonomy?columns=%22order_name%22%2C%22name%22%2C%22family_name%22%2C%22ebird_code%22%2C%22rank%22%2C%22common_name%22%2C%22species_group%22%2C%22parent_id%22%2C%22scientific_name%22 "HTTP/2 201 Created"
2025-06-22 12:57:21,298 - INFO - HTTP Request: POST https://nuspbbfhxkkdsasowabl.supabase.co/rest/v1/bird_taxonomy?columns=%22order_name%22%2C%22name%22%2C%22family_name%22%2C%22ebird_code%22%2C%22rank%22%2C%22common_name%22%2C%22species_group%22%2C%22parent_id%22%2C%22scientific_name%22 "HTTP/2 201 Created"
2025-06-22 12:57:21,457 - INFO - HTTP Request: POST https://nuspbbfhxkkdsasowabl.supabase.co/rest/v1/bird_taxonomy?columns=%22order_name%22%2C%22name%22%2C%22family_name%22%2C%22ebird_code%22%2C%22rank%22%2C%22common_name%22%2C%22species_group%22%2C%22parent_id%22%2C%22scientific_name%22 "HTTP/2 201 Created"
2025-06-22 12:57:21,627 - INFO - HTTP Request: POST https://nuspbbfhxkkdsasowabl.supabase.co/rest/v1/bird_taxonomy?columns=%22order_name%22%2C%22name%22%2C%22family_name%22%2C%22ebird_code%22%2C%22rank%22%2C%22common_name%22%2C%22species_group%22%2C%22parent_id%22%2C%22scientific_name%22 "HTTP/2 201 Created"
2025-06-22 12:57:21,788 - INFO - HTTP Request: POST https://nuspbbfhxkkdsasowabl.supabase.co/rest/v1/bird_taxonomy?columns=%22order_name%22%2C%22name%22%2C%22family_name%22%2C%22ebird_code%22%2C%22rank%22%2C%22common_name%22%2C%22species_group%22%2C%22parent_id%22%2C%22scientific_name%22 "HTTP/2 201 Created"
2025-06-22 12:57:21,946 - INFO - HTTP Request: POST https://nuspbbfhxkkdsasowabl.supabase.co/rest/v1/bird_taxonomy?columns=%22order_name%22%2C%22name%22%2C%22family_name%22%2C%22ebird_code%22%2C%22rank%22%2C%22common_name%22%2C%22species_group%22%2C%22parent_id%22%2C%22scientific_name%22 "HTTP/2 201 Created"
2025-06-22 12:57:22,124 - INFO - HTTP Request: POST https://nuspbbfhxkkdsasowabl.supabase.co/rest/v1/bird_taxonomy?columns=%22order_name%22%2C%22name%22%2C%22family_name%22%2C%22ebird_code%22%2C%22rank%22%2C%22common_name%22%2C%22species_group%22%2C%22parent_id%22%2C%22scientific_name%22 "HTTP/2 201 Created"
2025-06-22 12:57:22,603 - INFO - HTTP Request: POST https://nuspbbfhxkkdsasowabl.supabase.co/rest/v1/bird_taxonomy?columns=%22order_name%22%2C%22name%22%2C%22family_name%22%2C%22ebird_code%22%2C%22rank%22%2C%22common_name%22%2C%22species_group%22%2C%22parent_id%22%2C%22scientific_name%22 "HTTP/2 201 Created"
2025-06-22 12:57:22,752 - INFO - HTTP Request: POST https://nuspbbfhxkkdsasowabl.supabase.co/rest/v1/bird_taxonomy?columns=%22order_name%22%2C%22name%22%2C%22family_name%22%2C%22ebird_code%22%2C%22rank%22%2C%22common_name%22%2C%22species_group%22%2C%22parent_id%22%2C%22scientific_name%22 "HTTP/2 201 Created"
2025-06-22 12:57:22,913 - INFO - HTTP Request: POST https://nuspbbfhxkkdsasowabl.supabase.co/rest/v1/bird_taxonomy?columns=%22order_name%22%2C%22name%22%2C%22family_name%22%2C%22ebird_code%22%2C%22rank%22%2C%22common_name%22%2C%22species_group%22%2C%22parent_id%22%2C%22scientific_name%22 "HTTP/2 201 Created"
2025-06-22 12:57:23,058 - INFO - HTTP Request: POST https://nuspbbfhxkkdsasowabl.supabase.co/rest/v1/bird_taxonomy?columns=%22order_name%22%2C%22name%22%2C%22family_name%22%2C%22ebird_code%22%2C%22rank%22%2C%22common_name%22%2C%22species_group%22%2C%22parent_id%22%2C%22scientific_name%22 "HTTP/2 201 Created"
2025-06-22 12:57:23,208 - INFO - HTTP Request: POST https://nuspbbfhxkkdsasowabl.supabase.co/rest/v1/bird_taxonomy?columns=%22order_name%22%2C%22name%22%2C%22family_name%22%2C%22ebird_code%22%2C%22rank%22%2C%22common_name%22%2C%22species_group%22%2C%22parent_id%22%2C%22scientific_name%22 "HTTP/2 201 Created"
2025-06-22 12:57:23,397 - INFO - HTTP Request: POST https://nuspbbfhxkkdsasowabl.supabase.co/rest/v1/bird_taxonomy?columns=%22order_name%22%2C%22name%22%2C%22family_name%22%2C%22ebird_code%22%2C%22rank%22%2C%22common_name%22%2C%22species_group%22%2C%22parent_id%22%2C%22scientific_name%22 "HTTP/2 201 Created"
2025-06-22 12:57:23,547 - INFO - HTTP Request: POST https://nuspbbfhxkkdsasowabl.supabase.co/rest/v1/bird_taxonomy?columns=%22order_name%22%2C%22name%22%2C%22family_name%22%2C%22ebird_code%22%2C%22rank%22%2C%22common_name%22%2C%22species_group%22%2C%22parent_id%22%2C%22scientific_name%22 "HTTP/2 201 Created"
2025-06-22 12:57:23,708 - INFO - HTTP Request: POST https://nuspbbfhxkkdsasowabl.supabase.co/rest/v1/bird_taxonomy?columns=%22order_name%22%2C%22name%22%2C%22family_name%22%2C%22ebird_code%22%2C%22rank%22%2C%22common_name%22%2C%22species_group%22%2C%22parent_id%22%2C%22scientific_name%22 "HTTP/2 201 Created"
2025-06-22 12:57:23,849 - INFO - HTTP Request: POST https://nuspbbfhxkkdsasowabl.supabase.co/rest/v1/bird_taxonomy?columns=%22order_name%22%2C%22name%22%2C%22family_name%22%2C%22ebird_code%22%2C%22rank%22%2C%22common_name%22%2C%22species_group%22%2C%22parent_id%22%2C%22scientific_name%22 "HTTP/2 201 Created"
2025-06-22 12:57:23,994 - INFO - HTTP Request: POST https://nuspbbfhxkkdsasowabl.supabase.co/rest/v1/bird_taxonomy?columns=%22order_name%22%2C%22name%22%2C%22family_name%22%2C%22ebird_code%22%2C%22rank%22%2C%22common_name%22%2C%22species_group%22%2C%22parent_id%22%2C%22scientific_name%22 "HTTP/2 201 Created"
2025-06-22 12:57:24,218 - INFO - HTTP Request: POST https://nuspbbfhxkkdsasowabl.supabase.co/rest/v1/bird_taxonomy?columns=%22order_name%22%2C%22name%22%2C%22family_name%22%2C%22ebird_code%22%2C%22rank%22%2C%22common_name%22%2C%22species_group%22%2C%22parent_id%22%2C%22scientific_name%22 "HTTP/2 201 Created"
2025-06-22 12:57:24,372 - INFO - HTTP Request: POST https://nuspbbfhxkkdsasowabl.supabase.co/rest/v1/bird_taxonomy?columns=%22order_name%22%2C%22name%22%2C%22family_name%22%2C%22ebird_code%22%2C%22rank%22%2C%22common_name%22%2C%22species_group%22%2C%22parent_id%22%2C%22scientific_name%22 "HTTP/2 201 Created"
2025-06-22 12:57:24,527 - INFO - HTTP Request: POST https://nuspbbfhxkkdsasowabl.supabase.co/rest/v1/bird_taxonomy?columns=%22order_name%22%2C%22name%22%2C%22family_name%22%2C%22ebird_code%22%2C%22rank%22%2C%22common_name%22%2C%22species_group%22%2C%22parent_id%22%2C%22scientific_name%22 "HTTP/2 201 Created"
2025-06-22 12:57:24,694 - INFO - HTTP Request: POST https://nuspbbfhxkkdsasowabl.supabase.co/rest/v1/bird_taxonomy?columns=%22order_name%22%2C%22name%22%2C%22family_name%22%2C%22ebird_code%22%2C%22rank%22%2C%22common_name%22%2C%22species_group%22%2C%22parent_id%22%2C%22scientific_name%22 "HTTP/2 201 Created"
2025-06-22 12:57:24,844 - INFO - HTTP Request: POST https://nuspbbfhxkkdsasowabl.supabase.co/rest/v1/bird_taxonomy?columns=%22order_name%22%2C%22name%22%2C%22family_name%22%2C%22ebird_code%22%2C%22rank%22%2C%22common_name%22%2C%22species_group%22%2C%22parent_id%22%2C%22scientific_name%22 "HTTP/2 201 Created"
2025-06-22 12:57:25,005 - INFO - HTTP Request: POST https://nuspbbfhxkkdsasowabl.supabase.co/rest/v1/bird_taxonomy?columns=%22order_name%22%2C%22name%22%2C%22family_name%22%2C%22ebird_code%22%2C%22rank%22%2C%22common_name%22%2C%22species_group%22%2C%22parent_id%22%2C%22scientific_name%22 "HTTP/2 201 Created"
2025-06-22 12:57:25,162 - INFO - HTTP Request: POST https://nuspbbfhxkkdsasowabl.supabase.co/rest/v1/bird_taxonomy?columns=%22order_name%22%2C%22name%22%2C%22family_name%22%2C%22ebird_code%22%2C%22rank%22%2C%22common_name%22%2C%22species_group%22%2C%22parent_id%22%2C%22scientific_name%22 "HTTP/2 201 Created"
2025-06-22 12:57:25,313 - INFO - HTTP Request: POST https://nuspbbfhxkkdsasowabl.supabase.co/rest/v1/bird_taxonomy?columns=%22order_name%22%2C%22name%22%2C%22family_name%22%2C%22ebird_code%22%2C%22rank%22%2C%22common_name%22%2C%22species_group%22%2C%22parent_id%22%2C%22scientific_name%22 "HTTP/2 201 Created"
2025-06-22 12:57:25,470 - INFO - HTTP Request: POST https://nuspbbfhxkkdsasowabl.supabase.co/rest/v1/bird_taxonomy?columns=%22order_name%22%2C%22name%22%2C%22family_name%22%2C%22ebird_code%22%2C%22rank%22%2C%22common_name%22%2C%22species_group%22%2C%22parent_id%22%2C%22scientific_name%22 "HTTP/2 201 Created"
2025-06-22 12:57:25,629 - INFO - HTTP Request: POST https://nuspbbfhxkkdsasowabl.supabase.co/rest/v1/bird_taxonomy?columns=%22order_name%22%2C%22name%22%2C%22family_name%22%2C%22ebird_code%22%2C%22rank%22%2C%22common_name%22%2C%22species_group%22%2C%22parent_id%22%2C%22scientific_name%22 "HTTP/2 201 Created"
2025-06-22 12:57:25,765 - INFO - HTTP Request: POST https://nuspbbfhxkkdsasowabl.supabase.co/rest/v1/bird_taxonomy?columns=%22order_name%22%2C%22name%22%2C%22family_name%22%2C%22ebird_code%22%2C%22rank%22%2C%22common_name%22%2C%22species_group%22%2C%22parent_id%22%2C%22scientific_name%22 "HTTP/2 201 Created"
2025-06-22 12:57:25,922 - INFO - HTTP Request: POST https://nuspbbfhxkkdsasowabl.supabase.co/rest/v1/bird_taxonomy?columns=%22order_name%22%2C%22name%22%2C%22family_name%22%2C%22ebird_code%22%2C%22rank%22%2C%22common_name%22%2C%22species_group%22%2C%22parent_id%22%2C%22scientific_name%22 "HTTP/2 201 Created"
2025-06-22 12:57:26,070 - INFO - HTTP Request: POST https://nuspbbfhxkkdsasowabl.supabase.co/rest/v1/bird_taxonomy?columns=%22order_name%22%2C%22name%22%2C%22family_name%22%2C%22ebird_code%22%2C%22rank%22%2C%22common_name%22%2C%22species_group%22%2C%22parent_id%22%2C%22scientific_name%22 "HTTP/2 201 Created"
2025-06-22 12:57:26,220 - INFO - HTTP Request: POST https://nuspbbfhxkkdsasowabl.supabase.co/rest/v1/bird_taxonomy?columns=%22order_name%22%2C%22name%22%2C%22family_name%22%2C%22ebird_code%22%2C%22rank%22%2C%22common_name%22%2C%22species_group%22%2C%22parent_id%22%2C%22scientific_name%22 "HTTP/2 201 Created"
2025-06-22 12:57:26,366 - INFO - HTTP Request: POST https://nuspbbfhxkkdsasowabl.supabase.co/rest/v1/bird_taxonomy?columns=%22order_name%22%2C%22name%22%2C%22family_name%22%2C%22ebird_code%22%2C%22rank%22%2C%22common_name%22%2C%22species_group%22%2C%22parent_id%22%2C%22scientific_name%22 "HTTP/2 201 Created"
2025-06-22 12:57:26,516 - INFO - HTTP Request: POST https://nuspbbfhxkkdsasowabl.supabase.co/rest/v1/bird_taxonomy?columns=%22order_name%22%2C%22name%22%2C%22family_name%22%2C%22ebird_code%22%2C%22rank%22%2C%22common_name%22%2C%22species_group%22%2C%22parent_id%22%2C%22scientific_name%22 "HTTP/2 201 Created"
2025-06-22 12:57:26,668 - INFO - HTTP Request: POST https://nuspbbfhxkkdsasowabl.supabase.co/rest/v1/bird_taxonomy?columns=%22order_name%22%2C%22name%22%2C%22family_name%22%2C%22ebird_code%22%2C%22rank%22%2C%22common_name%22%2C%22species_group%22%2C%22parent_id%22%2C%22scientific_name%22 "HTTP/2 201 Created"
2025-06-22 12:57:26,819 - INFO - HTTP Request: POST https://nuspbbfhxkkdsasowabl.supabase.co/rest/v1/bird_taxonomy?columns=%22order_name%22%2C%22name%22%2C%22family_name%22%2C%22ebird_code%22%2C%22rank%22%2C%22common_name%22%2C%22species_group%22%2C%22parent_id%22%2C%22scientific_name%22 "HTTP/2 201 Created"
2025-06-22 12:57:26,969 - INFO - HTTP Request: POST https://nuspbbfhxkkdsasowabl.supabase.co/rest/v1/bird_taxonomy?columns=%22order_name%22%2C%22name%22%2C%22family_name%22%2C%22ebird_code%22%2C%22rank%22%2C%22common_name%22%2C%22species_group%22%2C%22parent_id%22%2C%22scientific_name%22 "HTTP/2 201 Created"
2025-06-22 12:57:27,120 - INFO - HTTP Request: POST https://nuspbbfhxkkdsasowabl.supabase.co/rest/v1/bird_taxonomy?columns=%22order_name%22%2C%22name%22%2C%22family_name%22%2C%22ebird_code%22%2C%22rank%22%2C%22common_name%22%2C%22species_group%22%2C%22parent_id%22%2C%22scientific_name%22 "HTTP/2 201 Created"
2025-06-22 12:57:27,252 - INFO - HTTP Request: POST https://nuspbbfhxkkdsasowabl.supabase.co/rest/v1/bird_taxonomy?columns=%22order_name%22%2C%22name%22%2C%22family_name%22%2C%22ebird_code%22%2C%22rank%22%2C%22common_name%22%2C%22species_group%22%2C%22parent_id%22%2C%22scientific_name%22 "HTTP/2 201 Created"
2025-06-22 12:57:27,408 - INFO - HTTP Request: POST https://nuspbbfhxkkdsasowabl.supabase.co/rest/v1/bird_taxonomy?columns=%22order_name%22%2C%22name%22%2C%22family_name%22%2C%22ebird_code%22%2C%22rank%22%2C%22common_name%22%2C%22species_group%22%2C%22parent_id%22%2C%22scientific_name%22 "HTTP/2 201 Created"
2025-06-22 12:57:27,565 - INFO - HTTP Request: POST https://nuspbbfhxkkdsasowabl.supabase.co/rest/v1/bird_taxonomy?columns=%22order_name%22%2C%22name%22%2C%22family_name%22%2C%22ebird_code%22%2C%22rank%22%2C%22common_name%22%2C%22species_group%22%2C%22parent_id%22%2C%22scientific_name%22 "HTTP/2 201 Created"
2025-06-22 12:57:27,716 - INFO - HTTP Request: POST https://nuspbbfhxkkdsasowabl.supabase.co/rest/v1/bird_taxonomy?columns=%22order_name%22%2C%22name%22%2C%22family_name%22%2C%22ebird_code%22%2C%22rank%22%2C%22common_name%22%2C%22species_group%22%2C%22parent_id%22%2C%22scientific_name%22 "HTTP/2 201 Created"
2025-06-22 12:57:27,862 - INFO - HTTP Request: POST https://nuspbbfhxkkdsasowabl.supabase.co/rest/v1/bird_taxonomy?columns=%22order_name%22%2C%22name%22%2C%22family_name%22%2C%22ebird_code%22%2C%22rank%22%2C%22common_name%22%2C%22species_group%22%2C%22parent_id%22%2C%22scientific_name%22 "HTTP/2 201 Created"
2025-06-22 12:57:28,005 - INFO - HTTP Request: POST https://nuspbbfhxkkdsasowabl.supabase.co/rest/v1/bird_taxonomy?columns=%22order_name%22%2C%22name%22%2C%22family_name%22%2C%22ebird_code%22%2C%22rank%22%2C%22common_name%22%2C%22species_group%22%2C%22parent_id%22%2C%22scientific_name%22 "HTTP/2 201 Created"
2025-06-22 12:57:28,147 - INFO - HTTP Request: POST https://nuspbbfhxkkdsasowabl.supabase.co/rest/v1/bird_taxonomy?columns=%22order_name%22%2C%22name%22%2C%22family_name%22%2C%22ebird_code%22%2C%22rank%22%2C%22common_name%22%2C%22species_group%22%2C%22parent_id%22%2C%22scientific_name%22 "HTTP/2 201 Created"
2025-06-22 12:57:28,290 - INFO - HTTP Request: POST https://nuspbbfhxkkdsasowabl.supabase.co/rest/v1/bird_taxonomy?columns=%22order_name%22%2C%22name%22%2C%22family_name%22%2C%22ebird_code%22%2C%22rank%22%2C%22common_name%22%2C%22species_group%22%2C%22parent_id%22%2C%22scientific_name%22 "HTTP/2 201 Created"
2025-06-22 12:57:28,435 - INFO - HTTP Request: POST https://nuspbbfhxkkdsasowabl.supabase.co/rest/v1/bird_taxonomy?columns=%22order_name%22%2C%22name%22%2C%22family_name%22%2C%22ebird_code%22%2C%22rank%22%2C%22common_name%22%2C%22species_group%22%2C%22parent_id%22%2C%22scientific_name%22 "HTTP/2 201 Created"
2025-06-22 12:57:28,653 - INFO - HTTP Request: POST https://nuspbbfhxkkdsasowabl.supabase.co/rest/v1/bird_taxonomy?columns=%22order_name%22%2C%22name%22%2C%22family_name%22%2C%22ebird_code%22%2C%22rank%22%2C%22common_name%22%2C%22species_group%22%2C%22parent_id%22%2C%22scientific_name%22 "HTTP/2 201 Created"
2025-06-22 12:57:28,811 - INFO - HTTP Request: POST https://nuspbbfhxkkdsasowabl.supabase.co/rest/v1/bird_taxonomy?columns=%22order_name%22%2C%22name%22%2C%22family_name%22%2C%22ebird_code%22%2C%22rank%22%2C%22common_name%22%2C%22species_group%22%2C%22parent_id%22%2C%22scientific_name%22 "HTTP/2 201 Created"
2025-06-22 12:57:28,958 - INFO - HTTP Request: POST https://nuspbbfhxkkdsasowabl.supabase.co/rest/v1/bird_taxonomy?columns=%22order_name%22%2C%22name%22%2C%22family_name%22%2C%22ebird_code%22%2C%22rank%22%2C%22common_name%22%2C%22species_group%22%2C%22parent_id%22%2C%22scientific_name%22 "HTTP/2 201 Created"
2025-06-22 12:57:29,116 - INFO - HTTP Request: POST https://nuspbbfhxkkdsasowabl.supabase.co/rest/v1/bird_taxonomy?columns=%22order_name%22%2C%22name%22%2C%22family_name%22%2C%22ebird_code%22%2C%22rank%22%2C%22common_name%22%2C%22species_group%22%2C%22parent_id%22%2C%22scientific_name%22 "HTTP/2 201 Created"
2025-06-22 12:57:29,261 - INFO - HTTP Request: POST https://nuspbbfhxkkdsasowabl.supabase.co/rest/v1/bird_taxonomy?columns=%22order_name%22%2C%22name%22%2C%22family_name%22%2C%22ebird_code%22%2C%22rank%22%2C%22common_name%22%2C%22species_group%22%2C%22parent_id%22%2C%22scientific_name%22 "HTTP/2 201 Created"
2025-06-22 12:57:29,422 - INFO - HTTP Request: POST https://nuspbbfhxkkdsasowabl.supabase.co/rest/v1/bird_taxonomy?columns=%22order_name%22%2C%22name%22%2C%22family_name%22%2C%22ebird_code%22%2C%22rank%22%2C%22common_name%22%2C%22species_group%22%2C%22parent_id%22%2C%22scientific_name%22 "HTTP/2 201 Created"
2025-06-22 12:57:29,569 - INFO - HTTP Request: POST https://nuspbbfhxkkdsasowabl.supabase.co/rest/v1/bird_taxonomy?columns=%22order_name%22%2C%22name%22%2C%22family_name%22%2C%22ebird_code%22%2C%22rank%22%2C%22common_name%22%2C%22species_group%22%2C%22parent_id%22%2C%22scientific_name%22 "HTTP/2 201 Created"
2025-06-22 12:57:29,728 - INFO - HTTP Request: POST https://nuspbbfhxkkdsasowabl.supabase.co/rest/v1/bird_taxonomy?columns=%22order_name%22%2C%22name%22%2C%22family_name%22%2C%22ebird_code%22%2C%22rank%22%2C%22common_name%22%2C%22species_group%22%2C%22parent_id%22%2C%22scientific_name%22 "HTTP/2 201 Created"
2025-06-22 12:57:29,882 - INFO - HTTP Request: POST https://nuspbbfhxkkdsasowabl.supabase.co/rest/v1/bird_taxonomy?columns=%22order_name%22%2C%22name%22%2C%22family_name%22%2C%22ebird_code%22%2C%22rank%22%2C%22common_name%22%2C%22species_group%22%2C%22parent_id%22%2C%22scientific_name%22 "HTTP/2 201 Created"
2025-06-22 12:57:30,031 - INFO - HTTP Request: POST https://nuspbbfhxkkdsasowabl.supabase.co/rest/v1/bird_taxonomy?columns=%22order_name%22%2C%22name%22%2C%22family_name%22%2C%22ebird_code%22%2C%22rank%22%2C%22common_name%22%2C%22species_group%22%2C%22parent_id%22%2C%22scientific_name%22 "HTTP/2 201 Created"
2025-06-22 12:57:30,186 - INFO - HTTP Request: POST https://nuspbbfhxkkdsasowabl.supabase.co/rest/v1/bird_taxonomy?columns=%22order_name%22%2C%22name%22%2C%22family_name%22%2C%22ebird_code%22%2C%22rank%22%2C%22common_name%22%2C%22species_group%22%2C%22parent_id%22%2C%22scientific_name%22 "HTTP/2 201 Created"
2025-06-22 12:57:30,336 - INFO - HTTP Request: POST https://nuspbbfhxkkdsasowabl.supabase.co/rest/v1/bird_taxonomy?columns=%22order_name%22%2C%22name%22%2C%22family_name%22%2C%22ebird_code%22%2C%22rank%22%2C%22common_name%22%2C%22species_group%22%2C%22parent_id%22%2C%22scientific_name%22 "HTTP/2 201 Created"
2025-06-22 12:57:30,488 - INFO - HTTP Request: POST https://nuspbbfhxkkdsasowabl.supabase.co/rest/v1/bird_taxonomy?columns=%22order_name%22%2C%22name%22%2C%22family_name%22%2C%22ebird_code%22%2C%22rank%22%2C%22common_name%22%2C%22species_group%22%2C%22parent_id%22%2C%22scientific_name%22 "HTTP/2 201 Created"
2025-06-22 12:57:30,635 - INFO - HTTP Request: POST https://nuspbbfhxkkdsasowabl.supabase.co/rest/v1/bird_taxonomy?columns=%22order_name%22%2C%22name%22%2C%22family_name%22%2C%22ebird_code%22%2C%22rank%22%2C%22common_name%22%2C%22species_group%22%2C%22parent_id%22%2C%22scientific_name%22 "HTTP/2 201 Created"
2025-06-22 12:57:30,778 - INFO - HTTP Request: POST https://nuspbbfhxkkdsasowabl.supabase.co/rest/v1/bird_taxonomy?columns=%22order_name%22%2C%22name%22%2C%22family_name%22%2C%22ebird_code%22%2C%22rank%22%2C%22common_name%22%2C%22species_group%22%2C%22parent_id%22%2C%22scientific_name%22 "HTTP/2 201 Created"
2025-06-22 12:57:30,929 - INFO - HTTP Request: POST https://nuspbbfhxkkdsasowabl.supabase.co/rest/v1/bird_taxonomy?columns=%22order_name%22%2C%22name%22%2C%22family_name%22%2C%22ebird_code%22%2C%22rank%22%2C%22common_name%22%2C%22species_group%22%2C%22parent_id%22%2C%22scientific_name%22 "HTTP/2 201 Created"
2025-06-22 12:57:31,083 - INFO - HTTP Request: POST https://nuspbbfhxkkdsasowabl.supabase.co/rest/v1/bird_taxonomy?columns=%22order_name%22%2C%22name%22%2C%22family_name%22%2C%22ebird_code%22%2C%22rank%22%2C%22common_name%22%2C%22species_group%22%2C%22parent_id%22%2C%22scientific_name%22 "HTTP/2 201 Created"
2025-06-22 12:57:31,223 - INFO - HTTP Request: POST https://nuspbbfhxkkdsasowabl.supabase.co/rest/v1/bird_taxonomy?columns=%22order_name%22%2C%22name%22%2C%22family_name%22%2C%22ebird_code%22%2C%22rank%22%2C%22common_name%22%2C%22species_group%22%2C%22parent_id%22%2C%22scientific_name%22 "HTTP/2 201 Created"
2025-06-22 12:57:31,394 - INFO - HTTP Request: POST https://nuspbbfhxkkdsasowabl.supabase.co/rest/v1/bird_taxonomy?columns=%22order_name%22%2C%22name%22%2C%22family_name%22%2C%22ebird_code%22%2C%22rank%22%2C%22common_name%22%2C%22species_group%22%2C%22parent_id%22%2C%22scientific_name%22 "HTTP/2 201 Created"
2025-06-22 12:57:31,545 - INFO - HTTP Request: POST https://nuspbbfhxkkdsasowabl.supabase.co/rest/v1/bird_taxonomy?columns=%22order_name%22%2C%22name%22%2C%22family_name%22%2C%22ebird_code%22%2C%22rank%22%2C%22common_name%22%2C%22species_group%22%2C%22parent_id%22%2C%22scientific_name%22 "HTTP/2 201 Created"
2025-06-22 12:57:31,692 - INFO - HTTP Request: POST https://nuspbbfhxkkdsasowabl.supabase.co/rest/v1/bird_taxonomy?columns=%22order_name%22%2C%22name%22%2C%22family_name%22%2C%22ebird_code%22%2C%22rank%22%2C%22common_name%22%2C%22species_group%22%2C%22parent_id%22%2C%22scientific_name%22 "HTTP/2 201 Created"
2025-06-22 12:57:31,840 - INFO - HTTP Request: POST https://nuspbbfhxkkdsasowabl.supabase.co/rest/v1/bird_taxonomy?columns=%22order_name%22%2C%22name%22%2C%22family_name%22%2C%22ebird_code%22%2C%22rank%22%2C%22common_name%22%2C%22species_group%22%2C%22parent_id%22%2C%22scientific_name%22 "HTTP/2 201 Created"
2025-06-22 12:57:31,992 - INFO - HTTP Request: POST https://nuspbbfhxkkdsasowabl.supabase.co/rest/v1/bird_taxonomy?columns=%22order_name%22%2C%22name%22%2C%22family_name%22%2C%22ebird_code%22%2C%22rank%22%2C%22common_name%22%2C%22species_group%22%2C%22parent_id%22%2C%22scientific_name%22 "HTTP/2 201 Created"
2025-06-22 12:57:32,136 - INFO - HTTP Request: POST https://nuspbbfhxkkdsasowabl.supabase.co/rest/v1/bird_taxonomy?columns=%22order_name%22%2C%22name%22%2C%22family_name%22%2C%22ebird_code%22%2C%22rank%22%2C%22common_name%22%2C%22species_group%22%2C%22parent_id%22%2C%22scientific_name%22 "HTTP/2 201 Created"
2025-06-22 12:57:32,280 - INFO - HTTP Request: POST https://nuspbbfhxkkdsasowabl.supabase.co/rest/v1/bird_taxonomy?columns=%22order_name%22%2C%22name%22%2C%22family_name%22%2C%22ebird_code%22%2C%22rank%22%2C%22common_name%22%2C%22species_group%22%2C%22parent_id%22%2C%22scientific_name%22 "HTTP/2 201 Created"
2025-06-22 12:57:32,424 - INFO - HTTP Request: POST https://nuspbbfhxkkdsasowabl.supabase.co/rest/v1/bird_taxonomy?columns=%22order_name%22%2C%22name%22%2C%22family_name%22%2C%22ebird_code%22%2C%22rank%22%2C%22common_name%22%2C%22species_group%22%2C%22parent_id%22%2C%22scientific_name%22 "HTTP/2 201 Created"
2025-06-22 12:57:32,576 - INFO - HTTP Request: POST https://nuspbbfhxkkdsasowabl.supabase.co/rest/v1/bird_taxonomy?columns=%22order_name%22%2C%22name%22%2C%22family_name%22%2C%22ebird_code%22%2C%22rank%22%2C%22common_name%22%2C%22species_group%22%2C%22parent_id%22%2C%22scientific_name%22 "HTTP/2 201 Created"
2025-06-22 12:57:32,729 - INFO - HTTP Request: POST https://nuspbbfhxkkdsasowabl.supabase.co/rest/v1/bird_taxonomy?columns=%22order_name%22%2C%22name%22%2C%22family_name%22%2C%22ebird_code%22%2C%22rank%22%2C%22common_name%22%2C%22species_group%22%2C%22parent_id%22%2C%22scientific_name%22 "HTTP/2 201 Created"
2025-06-22 12:57:32,875 - INFO - HTTP Request: POST https://nuspbbfhxkkdsasowabl.supabase.co/rest/v1/bird_taxonomy?columns=%22order_name%22%2C%22name%22%2C%22family_name%22%2C%22ebird_code%22%2C%22rank%22%2C%22common_name%22%2C%22species_group%22%2C%22parent_id%22%2C%22scientific_name%22 "HTTP/2 201 Created"
2025-06-22 12:57:33,023 - INFO - HTTP Request: POST https://nuspbbfhxkkdsasowabl.supabase.co/rest/v1/bird_taxonomy?columns=%22order_name%22%2C%22name%22%2C%22family_name%22%2C%22ebird_code%22%2C%22rank%22%2C%22common_name%22%2C%22species_group%22%2C%22parent_id%22%2C%22scientific_name%22 "HTTP/2 201 Created"
2025-06-22 12:57:33,167 - INFO - HTTP Request: POST https://nuspbbfhxkkdsasowabl.supabase.co/rest/v1/bird_taxonomy?columns=%22order_name%22%2C%22name%22%2C%22family_name%22%2C%22ebird_code%22%2C%22rank%22%2C%22common_name%22%2C%22species_group%22%2C%22parent_id%22%2C%22scientific_name%22 "HTTP/2 201 Created"
2025-06-22 12:57:33,325 - INFO - HTTP Request: POST https://nuspbbfhxkkdsasowabl.supabase.co/rest/v1/bird_taxonomy?columns=%22order_name%22%2C%22name%22%2C%22family_name%22%2C%22ebird_code%22%2C%22rank%22%2C%22common_name%22%2C%22species_group%22%2C%22parent_id%22%2C%22scientific_name%22 "HTTP/2 201 Created"
2025-06-22 12:57:33,475 - INFO - HTTP Request: POST https://nuspbbfhxkkdsasowabl.supabase.co/rest/v1/bird_taxonomy?columns=%22order_name%22%2C%22name%22%2C%22family_name%22%2C%22ebird_code%22%2C%22rank%22%2C%22common_name%22%2C%22species_group%22%2C%22parent_id%22%2C%22scientific_name%22 "HTTP/2 201 Created"
2025-06-22 12:57:33,618 - INFO - HTTP Request: POST https://nuspbbfhxkkdsasowabl.supabase.co/rest/v1/bird_taxonomy?columns=%22order_name%22%2C%22name%22%2C%22family_name%22%2C%22ebird_code%22%2C%22rank%22%2C%22common_name%22%2C%22species_group%22%2C%22parent_id%22%2C%22scientific_name%22 "HTTP/2 201 Created"
2025-06-22 12:57:33,775 - INFO - HTTP Request: POST https://nuspbbfhxkkdsasowabl.supabase.co/rest/v1/bird_taxonomy?columns=%22order_name%22%2C%22name%22%2C%22family_name%22%2C%22ebird_code%22%2C%22rank%22%2C%22common_name%22%2C%22species_group%22%2C%22parent_id%22%2C%22scientific_name%22 "HTTP/2 201 Created"
2025-06-22 12:57:33,922 - INFO - HTTP Request: POST https://nuspbbfhxkkdsasowabl.supabase.co/rest/v1/bird_taxonomy?columns=%22order_name%22%2C%22name%22%2C%22family_name%22%2C%22ebird_code%22%2C%22rank%22%2C%22common_name%22%2C%22species_group%22%2C%22parent_id%22%2C%22scientific_name%22 "HTTP/2 201 Created"
2025-06-22 12:57:34,058 - INFO - HTTP Request: POST https://nuspbbfhxkkdsasowabl.supabase.co/rest/v1/bird_taxonomy?columns=%22order_name%22%2C%22name%22%2C%22family_name%22%2C%22ebird_code%22%2C%22rank%22%2C%22common_name%22%2C%22species_group%22%2C%22parent_id%22%2C%22scientific_name%22 "HTTP/2 201 Created"
2025-06-22 12:57:34,224 - INFO - HTTP Request: POST https://nuspbbfhxkkdsasowabl.supabase.co/rest/v1/bird_taxonomy?columns=%22order_name%22%2C%22name%22%2C%22family_name%22%2C%22ebird_code%22%2C%22rank%22%2C%22common_name%22%2C%22species_group%22%2C%22parent_id%22%2C%22scientific_name%22 "HTTP/2 201 Created"
2025-06-22 12:57:34,371 - INFO - HTTP Request: POST https://nuspbbfhxkkdsasowabl.supabase.co/rest/v1/bird_taxonomy?columns=%22order_name%22%2C%22name%22%2C%22family_name%22%2C%22ebird_code%22%2C%22rank%22%2C%22common_name%22%2C%22species_group%22%2C%22parent_id%22%2C%22scientific_name%22 "HTTP/2 201 Created"
2025-06-22 12:57:34,521 - INFO - HTTP Request: POST https://nuspbbfhxkkdsasowabl.supabase.co/rest/v1/bird_taxonomy?columns=%22order_name%22%2C%22name%22%2C%22family_name%22%2C%22ebird_code%22%2C%22rank%22%2C%22common_name%22%2C%22species_group%22%2C%22parent_id%22%2C%22scientific_name%22 "HTTP/2 201 Created"
2025-06-22 12:57:34,665 - INFO - HTTP Request: POST https://nuspbbfhxkkdsasowabl.supabase.co/rest/v1/bird_taxonomy?columns=%22order_name%22%2C%22name%22%2C%22family_name%22%2C%22ebird_code%22%2C%22rank%22%2C%22common_name%22%2C%22species_group%22%2C%22parent_id%22%2C%22scientific_name%22 "HTTP/2 201 Created"
2025-06-22 12:57:34,811 - INFO - HTTP Request: POST https://nuspbbfhxkkdsasowabl.supabase.co/rest/v1/bird_taxonomy?columns=%22order_name%22%2C%22name%22%2C%22family_name%22%2C%22ebird_code%22%2C%22rank%22%2C%22common_name%22%2C%22species_group%22%2C%22parent_id%22%2C%22scientific_name%22 "HTTP/2 201 Created"
2025-06-22 12:57:34,960 - INFO - HTTP Request: POST https://nuspbbfhxkkdsasowabl.supabase.co/rest/v1/bird_taxonomy?columns=%22order_name%22%2C%22name%22%2C%22family_name%22%2C%22ebird_code%22%2C%22rank%22%2C%22common_name%22%2C%22species_group%22%2C%22parent_id%22%2C%22scientific_name%22 "HTTP/2 201 Created"
2025-06-22 12:57:35,109 - INFO - HTTP Request: POST https://nuspbbfhxkkdsasowabl.supabase.co/rest/v1/bird_taxonomy?columns=%22order_name%22%2C%22name%22%2C%22family_name%22%2C%22ebird_code%22%2C%22rank%22%2C%22common_name%22%2C%22species_group%22%2C%22parent_id%22%2C%22scientific_name%22 "HTTP/2 201 Created"
2025-06-22 12:57:35,258 - INFO - HTTP Request: POST https://nuspbbfhxkkdsasowabl.supabase.co/rest/v1/bird_taxonomy?columns=%22order_name%22%2C%22name%22%2C%22family_name%22%2C%22ebird_code%22%2C%22rank%22%2C%22common_name%22%2C%22species_group%22%2C%22parent_id%22%2C%22scientific_name%22 "HTTP/2 201 Created"
2025-06-22 12:57:35,481 - INFO - HTTP Request: POST https://nuspbbfhxkkdsasowabl.supabase.co/rest/v1/bird_taxonomy?columns=%22order_name%22%2C%22name%22%2C%22family_name%22%2C%22ebird_code%22%2C%22rank%22%2C%22common_name%22%2C%22species_group%22%2C%22parent_id%22%2C%22scientific_name%22 "HTTP/2 201 Created"
2025-06-22 12:57:35,635 - INFO - HTTP Request: POST https://nuspbbfhxkkdsasowabl.supabase.co/rest/v1/bird_taxonomy?columns=%22order_name%22%2C%22name%22%2C%22family_name%22%2C%22ebird_code%22%2C%22rank%22%2C%22common_name%22%2C%22species_group%22%2C%22parent_id%22%2C%22scientific_name%22 "HTTP/2 201 Created"
2025-06-22 12:57:35,788 - INFO - HTTP Request: POST https://nuspbbfhxkkdsasowabl.supabase.co/rest/v1/bird_taxonomy?columns=%22order_name%22%2C%22name%22%2C%22family_name%22%2C%22ebird_code%22%2C%22rank%22%2C%22common_name%22%2C%22species_group%22%2C%22parent_id%22%2C%22scientific_name%22 "HTTP/2 201 Created"
2025-06-22 12:57:35,941 - INFO - HTTP Request: POST https://nuspbbfhxkkdsasowabl.supabase.co/rest/v1/bird_taxonomy?columns=%22order_name%22%2C%22name%22%2C%22family_name%22%2C%22ebird_code%22%2C%22rank%22%2C%22common_name%22%2C%22species_group%22%2C%22parent_id%22%2C%22scientific_name%22 "HTTP/2 201 Created"
2025-06-22 12:57:36,095 - INFO - HTTP Request: POST https://nuspbbfhxkkdsasowabl.supabase.co/rest/v1/bird_taxonomy?columns=%22order_name%22%2C%22name%22%2C%22family_name%22%2C%22ebird_code%22%2C%22rank%22%2C%22common_name%22%2C%22species_group%22%2C%22parent_id%22%2C%22scientific_name%22 "HTTP/2 201 Created"
2025-06-22 12:57:36,248 - INFO - HTTP Request: POST https://nuspbbfhxkkdsasowabl.supabase.co/rest/v1/bird_taxonomy?columns=%22order_name%22%2C%22name%22%2C%22family_name%22%2C%22ebird_code%22%2C%22rank%22%2C%22common_name%22%2C%22species_group%22%2C%22parent_id%22%2C%22scientific_name%22 "HTTP/2 201 Created"
2025-06-22 12:57:36,395 - INFO - HTTP Request: POST https://nuspbbfhxkkdsasowabl.supabase.co/rest/v1/bird_taxonomy?columns=%22order_name%22%2C%22name%22%2C%22family_name%22%2C%22ebird_code%22%2C%22rank%22%2C%22common_name%22%2C%22species_group%22%2C%22parent_id%22%2C%22scientific_name%22 "HTTP/2 201 Created"
2025-06-22 12:57:36,537 - INFO - HTTP Request: POST https://nuspbbfhxkkdsasowabl.supabase.co/rest/v1/bird_taxonomy?columns=%22order_name%22%2C%22name%22%2C%22family_name%22%2C%22ebird_code%22%2C%22rank%22%2C%22common_name%22%2C%22species_group%22%2C%22parent_id%22%2C%22scientific_name%22 "HTTP/2 201 Created"
2025-06-22 12:57:36,686 - INFO - HTTP Request: POST https://nuspbbfhxkkdsasowabl.supabase.co/rest/v1/bird_taxonomy?columns=%22order_name%22%2C%22name%22%2C%22family_name%22%2C%22ebird_code%22%2C%22rank%22%2C%22common_name%22%2C%22species_group%22%2C%22parent_id%22%2C%22scientific_name%22 "HTTP/2 201 Created"
2025-06-22 12:57:36,832 - INFO - HTTP Request: POST https://nuspbbfhxkkdsasowabl.supabase.co/rest/v1/bird_taxonomy?columns=%22order_name%22%2C%22name%22%2C%22family_name%22%2C%22ebird_code%22%2C%22rank%22%2C%22common_name%22%2C%22species_group%22%2C%22parent_id%22%2C%22scientific_name%22 "HTTP/2 201 Created"
2025-06-22 12:57:36,980 - INFO - HTTP Request: POST https://nuspbbfhxkkdsasowabl.supabase.co/rest/v1/bird_taxonomy?columns=%22order_name%22%2C%22name%22%2C%22family_name%22%2C%22ebird_code%22%2C%22rank%22%2C%22common_name%22%2C%22species_group%22%2C%22parent_id%22%2C%22scientific_name%22 "HTTP/2 201 Created"
2025-06-22 12:57:37,135 - INFO - HTTP Request: POST https://nuspbbfhxkkdsasowabl.supabase.co/rest/v1/bird_taxonomy?columns=%22order_name%22%2C%22name%22%2C%22family_name%22%2C%22ebird_code%22%2C%22rank%22%2C%22common_name%22%2C%22species_group%22%2C%22parent_id%22%2C%22scientific_name%22 "HTTP/2 201 Created"
2025-06-22 12:57:37,291 - INFO - HTTP Request: POST https://nuspbbfhxkkdsasowabl.supabase.co/rest/v1/bird_taxonomy?columns=%22order_name%22%2C%22name%22%2C%22family_name%22%2C%22ebird_code%22%2C%22rank%22%2C%22common_name%22%2C%22species_group%22%2C%22parent_id%22%2C%22scientific_name%22 "HTTP/2 201 Created"
2025-06-22 12:57:37,531 - INFO - HTTP Request: POST https://nuspbbfhxkkdsasowabl.supabase.co/rest/v1/bird_taxonomy?columns=%22order_name%22%2C%22name%22%2C%22family_name%22%2C%22ebird_code%22%2C%22rank%22%2C%22common_name%22%2C%22species_group%22%2C%22parent_id%22%2C%22scientific_name%22 "HTTP/2 201 Created"
2025-06-22 12:57:37,675 - INFO - HTTP Request: POST https://nuspbbfhxkkdsasowabl.supabase.co/rest/v1/bird_taxonomy?columns=%22order_name%22%2C%22name%22%2C%22family_name%22%2C%22ebird_code%22%2C%22rank%22%2C%22common_name%22%2C%22species_group%22%2C%22parent_id%22%2C%22scientific_name%22 "HTTP/2 201 Created"
2025-06-22 12:57:37,817 - INFO - HTTP Request: POST https://nuspbbfhxkkdsasowabl.supabase.co/rest/v1/bird_taxonomy?columns=%22order_name%22%2C%22name%22%2C%22family_name%22%2C%22ebird_code%22%2C%22rank%22%2C%22common_name%22%2C%22species_group%22%2C%22parent_id%22%2C%22scientific_name%22 "HTTP/2 201 Created"
2025-06-22 12:57:37,971 - INFO - HTTP Request: POST https://nuspbbfhxkkdsasowabl.supabase.co/rest/v1/bird_taxonomy?columns=%22order_name%22%2C%22name%22%2C%22family_name%22%2C%22ebird_code%22%2C%22rank%22%2C%22common_name%22%2C%22species_group%22%2C%22parent_id%22%2C%22scientific_name%22 "HTTP/2 201 Created"
2025-06-22 12:57:38,126 - INFO - HTTP Request: POST https://nuspbbfhxkkdsasowabl.supabase.co/rest/v1/bird_taxonomy?columns=%22order_name%22%2C%22name%22%2C%22family_name%22%2C%22ebird_code%22%2C%22rank%22%2C%22common_name%22%2C%22species_group%22%2C%22parent_id%22%2C%22scientific_name%22 "HTTP/2 201 Created"
2025-06-22 12:57:38,277 - INFO - HTTP Request: POST https://nuspbbfhxkkdsasowabl.supabase.co/rest/v1/bird_taxonomy?columns=%22order_name%22%2C%22name%22%2C%22family_name%22%2C%22ebird_code%22%2C%22rank%22%2C%22common_name%22%2C%22species_group%22%2C%22parent_id%22%2C%22scientific_name%22 "HTTP/2 201 Created"
2025-06-22 12:57:38,554 - INFO - HTTP Request: POST https://nuspbbfhxkkdsasowabl.supabase.co/rest/v1/bird_taxonomy?columns=%22order_name%22%2C%22name%22%2C%22family_name%22%2C%22ebird_code%22%2C%22rank%22%2C%22common_name%22%2C%22species_group%22%2C%22parent_id%22%2C%22scientific_name%22 "HTTP/2 201 Created"
2025-06-22 12:57:38,692 - INFO - HTTP Request: POST https://nuspbbfhxkkdsasowabl.supabase.co/rest/v1/bird_taxonomy?columns=%22order_name%22%2C%22name%22%2C%22family_name%22%2C%22ebird_code%22%2C%22rank%22%2C%22common_name%22%2C%22species_group%22%2C%22parent_id%22%2C%22scientific_name%22 "HTTP/2 201 Created"
2025-06-22 12:57:38,834 - INFO - HTTP Request: POST https://nuspbbfhxkkdsasowabl.supabase.co/rest/v1/bird_taxonomy?columns=%22order_name%22%2C%22name%22%2C%22family_name%22%2C%22ebird_code%22%2C%22rank%22%2C%22common_name%22%2C%22species_group%22%2C%22parent_id%22%2C%22scientific_name%22 "HTTP/2 201 Created"
2025-06-22 12:57:38,980 - INFO - HTTP Request: POST https://nuspbbfhxkkdsasowabl.supabase.co/rest/v1/bird_taxonomy?columns=%22order_name%22%2C%22name%22%2C%22family_name%22%2C%22ebird_code%22%2C%22rank%22%2C%22common_name%22%2C%22species_group%22%2C%22parent_id%22%2C%22scientific_name%22 "HTTP/2 201 Created"
2025-06-22 12:57:39,125 - INFO - HTTP Request: POST https://nuspbbfhxkkdsasowabl.supabase.co/rest/v1/bird_taxonomy?columns=%22order_name%22%2C%22name%22%2C%22family_name%22%2C%22ebird_code%22%2C%22rank%22%2C%22common_name%22%2C%22species_group%22%2C%22parent_id%22%2C%22scientific_name%22 "HTTP/2 201 Created"
2025-06-22 12:57:39,274 - INFO - HTTP Request: POST https://nuspbbfhxkkdsasowabl.supabase.co/rest/v1/bird_taxonomy?columns=%22order_name%22%2C%22name%22%2C%22family_name%22%2C%22ebird_code%22%2C%22rank%22%2C%22common_name%22%2C%22species_group%22%2C%22parent_id%22%2C%22scientific_name%22 "HTTP/2 201 Created"
2025-06-22 12:57:39,421 - INFO - HTTP Request: POST https://nuspbbfhxkkdsasowabl.supabase.co/rest/v1/bird_taxonomy?columns=%22order_name%22%2C%22name%22%2C%22family_name%22%2C%22ebird_code%22%2C%22rank%22%2C%22common_name%22%2C%22species_group%22%2C%22parent_id%22%2C%22scientific_name%22 "HTTP/2 201 Created"
2025-06-22 12:57:39,577 - INFO - HTTP Request: POST https://nuspbbfhxkkdsasowabl.supabase.co/rest/v1/bird_taxonomy?columns=%22order_name%22%2C%22name%22%2C%22family_name%22%2C%22ebird_code%22%2C%22rank%22%2C%22common_name%22%2C%22species_group%22%2C%22parent_id%22%2C%22scientific_name%22 "HTTP/2 201 Created"
2025-06-22 12:57:39,725 - INFO - HTTP Request: POST https://nuspbbfhxkkdsasowabl.supabase.co/rest/v1/bird_taxonomy?columns=%22order_name%22%2C%22name%22%2C%22family_name%22%2C%22ebird_code%22%2C%22rank%22%2C%22common_name%22%2C%22species_group%22%2C%22parent_id%22%2C%22scientific_name%22 "HTTP/2 201 Created"
2025-06-22 12:57:39,862 - INFO - HTTP Request: POST https://nuspbbfhxkkdsasowabl.supabase.co/rest/v1/bird_taxonomy?columns=%22order_name%22%2C%22name%22%2C%22family_name%22%2C%22ebird_code%22%2C%22rank%22%2C%22common_name%22%2C%22species_group%22%2C%22parent_id%22%2C%22scientific_name%22 "HTTP/2 201 Created"
2025-06-22 12:57:40,005 - INFO - HTTP Request: POST https://nuspbbfhxkkdsasowabl.supabase.co/rest/v1/bird_taxonomy?columns=%22order_name%22%2C%22name%22%2C%22family_name%22%2C%22ebird_code%22%2C%22rank%22%2C%22common_name%22%2C%22species_group%22%2C%22parent_id%22%2C%22scientific_name%22 "HTTP/2 201 Created"
2025-06-22 12:57:40,161 - INFO - HTTP Request: POST https://nuspbbfhxkkdsasowabl.supabase.co/rest/v1/bird_taxonomy?columns=%22order_name%22%2C%22name%22%2C%22family_name%22%2C%22ebird_code%22%2C%22rank%22%2C%22common_name%22%2C%22species_group%22%2C%22parent_id%22%2C%22scientific_name%22 "HTTP/2 201 Created"
2025-06-22 12:57:40,309 - INFO - HTTP Request: POST https://nuspbbfhxkkdsasowabl.supabase.co/rest/v1/bird_taxonomy?columns=%22order_name%22%2C%22name%22%2C%22family_name%22%2C%22ebird_code%22%2C%22rank%22%2C%22common_name%22%2C%22species_group%22%2C%22parent_id%22%2C%22scientific_name%22 "HTTP/2 201 Created"
2025-06-22 12:57:40,470 - INFO - HTTP Request: POST https://nuspbbfhxkkdsasowabl.supabase.co/rest/v1/bird_taxonomy?columns=%22order_name%22%2C%22name%22%2C%22family_name%22%2C%22ebird_code%22%2C%22rank%22%2C%22common_name%22%2C%22species_group%22%2C%22parent_id%22%2C%22scientific_name%22 "HTTP/2 201 Created"
2025-06-22 12:57:40,621 - INFO - HTTP Request: POST https://nuspbbfhxkkdsasowabl.supabase.co/rest/v1/bird_taxonomy?columns=%22order_name%22%2C%22name%22%2C%22family_name%22%2C%22ebird_code%22%2C%22rank%22%2C%22common_name%22%2C%22species_group%22%2C%22parent_id%22%2C%22scientific_name%22 "HTTP/2 201 Created"
2025-06-22 12:57:40,775 - INFO - HTTP Request: POST https://nuspbbfhxkkdsasowabl.supabase.co/rest/v1/bird_taxonomy?columns=%22order_name%22%2C%22name%22%2C%22family_name%22%2C%22ebird_code%22%2C%22rank%22%2C%22common_name%22%2C%22species_group%22%2C%22parent_id%22%2C%22scientific_name%22 "HTTP/2 201 Created"
2025-06-22 12:57:40,925 - INFO - HTTP Request: POST https://nuspbbfhxkkdsasowabl.supabase.co/rest/v1/bird_taxonomy?columns=%22order_name%22%2C%22name%22%2C%22family_name%22%2C%22ebird_code%22%2C%22rank%22%2C%22common_name%22%2C%22species_group%22%2C%22parent_id%22%2C%22scientific_name%22 "HTTP/2 201 Created"
2025-06-22 12:57:41,071 - INFO - HTTP Request: POST https://nuspbbfhxkkdsasowabl.supabase.co/rest/v1/bird_taxonomy?columns=%22order_name%22%2C%22name%22%2C%22family_name%22%2C%22ebird_code%22%2C%22rank%22%2C%22common_name%22%2C%22species_group%22%2C%22parent_id%22%2C%22scientific_name%22 "HTTP/2 201 Created"
2025-06-22 12:57:41,222 - INFO - HTTP Request: POST https://nuspbbfhxkkdsasowabl.supabase.co/rest/v1/bird_taxonomy?columns=%22order_name%22%2C%22name%22%2C%22family_name%22%2C%22ebird_code%22%2C%22rank%22%2C%22common_name%22%2C%22species_group%22%2C%22parent_id%22%2C%22scientific_name%22 "HTTP/2 201 Created"
2025-06-22 12:57:41,369 - INFO - HTTP Request: POST https://nuspbbfhxkkdsasowabl.supabase.co/rest/v1/bird_taxonomy?columns=%22order_name%22%2C%22name%22%2C%22family_name%22%2C%22ebird_code%22%2C%22rank%22%2C%22common_name%22%2C%22species_group%22%2C%22parent_id%22%2C%22scientific_name%22 "HTTP/2 201 Created"
2025-06-22 12:57:41,528 - INFO - HTTP Request: POST https://nuspbbfhxkkdsasowabl.supabase.co/rest/v1/bird_taxonomy?columns=%22order_name%22%2C%22name%22%2C%22family_name%22%2C%22ebird_code%22%2C%22rank%22%2C%22common_name%22%2C%22species_group%22%2C%22parent_id%22%2C%22scientific_name%22 "HTTP/2 201 Created"
2025-06-22 12:57:41,681 - INFO - HTTP Request: POST https://nuspbbfhxkkdsasowabl.supabase.co/rest/v1/bird_taxonomy?columns=%22order_name%22%2C%22name%22%2C%22family_name%22%2C%22ebird_code%22%2C%22rank%22%2C%22common_name%22%2C%22species_group%22%2C%22parent_id%22%2C%22scientific_name%22 "HTTP/2 201 Created"
2025-06-22 12:57:41,833 - INFO - HTTP Request: POST https://nuspbbfhxkkdsasowabl.supabase.co/rest/v1/bird_taxonomy?columns=%22order_name%22%2C%22name%22%2C%22family_name%22%2C%22ebird_code%22%2C%22rank%22%2C%22common_name%22%2C%22species_group%22%2C%22parent_id%22%2C%22scientific_name%22 "HTTP/2 201 Created"
2025-06-22 12:57:41,999 - INFO - HTTP Request: POST https://nuspbbfhxkkdsasowabl.supabase.co/rest/v1/bird_taxonomy?columns=%22order_name%22%2C%22name%22%2C%22family_name%22%2C%22ebird_code%22%2C%22rank%22%2C%22common_name%22%2C%22species_group%22%2C%22parent_id%22%2C%22scientific_name%22 "HTTP/2 201 Created"
2025-06-22 12:57:42,145 - INFO - HTTP Request: POST https://nuspbbfhxkkdsasowabl.supabase.co/rest/v1/bird_taxonomy?columns=%22order_name%22%2C%22name%22%2C%22family_name%22%2C%22ebird_code%22%2C%22rank%22%2C%22common_name%22%2C%22species_group%22%2C%22parent_id%22%2C%22scientific_name%22 "HTTP/2 201 Created"
2025-06-22 12:57:42,289 - INFO - HTTP Request: POST https://nuspbbfhxkkdsasowabl.supabase.co/rest/v1/bird_taxonomy?columns=%22order_name%22%2C%22name%22%2C%22family_name%22%2C%22ebird_code%22%2C%22rank%22%2C%22common_name%22%2C%22species_group%22%2C%22parent_id%22%2C%22scientific_name%22 "HTTP/2 201 Created"
2025-06-22 12:57:42,433 - INFO - HTTP Request: POST https://nuspbbfhxkkdsasowabl.supabase.co/rest/v1/bird_taxonomy?columns=%22order_name%22%2C%22name%22%2C%22family_name%22%2C%22ebird_code%22%2C%22rank%22%2C%22common_name%22%2C%22species_group%22%2C%22parent_id%22%2C%22scientific_name%22 "HTTP/2 201 Created"
2025-06-22 12:57:42,654 - INFO - HTTP Request: POST https://nuspbbfhxkkdsasowabl.supabase.co/rest/v1/bird_taxonomy?columns=%22order_name%22%2C%22name%22%2C%22family_name%22%2C%22ebird_code%22%2C%22rank%22%2C%22common_name%22%2C%22species_group%22%2C%22parent_id%22%2C%22scientific_name%22 "HTTP/2 201 Created"
2025-06-22 12:57:42,808 - INFO - HTTP Request: POST https://nuspbbfhxkkdsasowabl.supabase.co/rest/v1/bird_taxonomy?columns=%22order_name%22%2C%22name%22%2C%22family_name%22%2C%22ebird_code%22%2C%22rank%22%2C%22common_name%22%2C%22species_group%22%2C%22parent_id%22%2C%22scientific_name%22 "HTTP/2 201 Created"
2025-06-22 12:57:42,960 - INFO - HTTP Request: POST https://nuspbbfhxkkdsasowabl.supabase.co/rest/v1/bird_taxonomy?columns=%22order_name%22%2C%22name%22%2C%22family_name%22%2C%22ebird_code%22%2C%22rank%22%2C%22common_name%22%2C%22species_group%22%2C%22parent_id%22%2C%22scientific_name%22 "HTTP/2 201 Created"
2025-06-22 12:57:43,096 - INFO - HTTP Request: POST https://nuspbbfhxkkdsasowabl.supabase.co/rest/v1/bird_taxonomy?columns=%22order_name%22%2C%22name%22%2C%22family_name%22%2C%22ebird_code%22%2C%22rank%22%2C%22common_name%22%2C%22species_group%22%2C%22parent_id%22%2C%22scientific_name%22 "HTTP/2 201 Created"
2025-06-22 12:57:43,109 - INFO - Conversion completed! Report saved to /Users/shuna/aviatlas/scripts/conversion_report_20250622_125743.txt
